TimeQuest Timing Analyzer report for NeanderProcessor
Sun Jun 16 21:30:15 2019
Quartus II 64-Bit Version 13.0.0 Build 156 04/24/2013 SJ Web Edition


---------------------
; Table of Contents ;
---------------------
  1. Legal Notice
  2. TimeQuest Timing Analyzer Summary
  3. Parallel Compilation
  4. Clocks
  5. Slow Model Fmax Summary
  6. Slow Model Setup Summary
  7. Slow Model Hold Summary
  8. Slow Model Recovery Summary
  9. Slow Model Removal Summary
 10. Slow Model Minimum Pulse Width Summary
 11. Propagation Delay
 12. Minimum Propagation Delay
 13. Fast Model Setup Summary
 14. Fast Model Hold Summary
 15. Fast Model Recovery Summary
 16. Fast Model Removal Summary
 17. Fast Model Minimum Pulse Width Summary
 18. Propagation Delay
 19. Minimum Propagation Delay
 20. Multicorner Timing Analysis Summary
 21. Progagation Delay
 22. Minimum Progagation Delay
 23. Clock Transfers
 24. Report TCCS
 25. Report RSKM
 26. Unconstrained Paths
 27. TimeQuest Timing Analyzer Messages



----------------
; Legal Notice ;
----------------
Copyright (C) 1991-2013 Altera Corporation
Your use of Altera Corporation's design tools, logic functions 
and other software and tools, and its AMPP partner logic 
functions, and any output files from any of the foregoing 
(including device programming or simulation files), and any 
associated documentation or information are expressly subject 
to the terms and conditions of the Altera Program License 
Subscription Agreement, Altera MegaCore Function License 
Agreement, or other applicable license agreement, including, 
without limitation, that your use is for the sole purpose of 
programming logic devices manufactured by Altera and sold by 
Altera or its authorized distributors.  Please refer to the 
applicable agreement for further details.



+-------------------------------------------------------------------------+
; TimeQuest Timing Analyzer Summary                                       ;
+--------------------+----------------------------------------------------+
; Quartus II Version ; Version 13.0.0 Build 156 04/24/2013 SJ Web Edition ;
; Revision Name      ; NeanderProcessor                                   ;
; Device Family      ; Cyclone II                                         ;
; Device Name        ; EP2C35F672C6                                       ;
; Timing Models      ; Final                                              ;
; Delay Model        ; Combined                                           ;
; Rise/Fall Delays   ; Unavailable                                        ;
+--------------------+----------------------------------------------------+


Parallel compilation was disabled, but you have multiple processors available. Enable parallel compilation to reduce compilation time.
+-------------------------------------+
; Parallel Compilation                ;
+----------------------------+--------+
; Processors                 ; Number ;
+----------------------------+--------+
; Number detected on machine ; 4      ;
; Maximum allowed            ; 1      ;
+----------------------------+--------+


----------
; Clocks ;
----------
No clocks to report.


---------------------------
; Slow Model Fmax Summary ;
---------------------------
No paths to report.


----------------------------
; Slow Model Setup Summary ;
----------------------------
No paths to report.


---------------------------
; Slow Model Hold Summary ;
---------------------------
No paths to report.


-------------------------------
; Slow Model Recovery Summary ;
-------------------------------
No paths to report.


------------------------------
; Slow Model Removal Summary ;
------------------------------
No paths to report.


------------------------------------------
; Slow Model Minimum Pulse Width Summary ;
------------------------------------------
No paths to report.


+--------------------------------------------------------------+
; Propagation Delay                                            ;
+------------+-------------+--------+--------+--------+--------+
; Input Port ; Output Port ; RR     ; RF     ; FR     ; FF     ;
+------------+-------------+--------+--------+--------+--------+
; X[0]       ; out_ac[0]   ; 11.925 ; 11.925 ; 11.925 ; 11.925 ;
; X[0]       ; out_ac[1]   ; 13.146 ; 13.146 ; 13.146 ; 13.146 ;
; X[0]       ; out_ac[2]   ; 12.062 ; 12.062 ; 12.062 ; 12.062 ;
; X[0]       ; out_ac[3]   ; 12.689 ; 12.689 ; 12.689 ; 12.689 ;
; X[0]       ; out_ac[4]   ; 14.882 ; 14.882 ; 14.882 ; 14.882 ;
; X[0]       ; out_ac[5]   ; 13.934 ; 13.934 ; 13.934 ; 13.934 ;
; X[0]       ; out_ac[6]   ; 15.963 ; 15.963 ; 15.963 ; 15.963 ;
; X[0]       ; out_ac[7]   ; 18.330 ; 18.330 ; 18.330 ; 18.330 ;
; X[0]       ; out_n       ; 18.763 ; 18.763 ; 18.763 ; 18.763 ;
; X[0]       ; out_z       ; 19.971 ; 19.971 ; 19.971 ; 19.971 ;
; X[1]       ; out_ac[1]   ; 13.163 ; 13.163 ; 13.163 ; 13.163 ;
; X[1]       ; out_ac[2]   ; 12.083 ; 12.083 ; 12.083 ; 12.083 ;
; X[1]       ; out_ac[3]   ; 12.710 ; 12.710 ; 12.710 ; 12.710 ;
; X[1]       ; out_ac[4]   ; 14.903 ; 14.903 ; 14.903 ; 14.903 ;
; X[1]       ; out_ac[5]   ; 13.955 ; 13.955 ; 13.955 ; 13.955 ;
; X[1]       ; out_ac[6]   ; 15.984 ; 15.984 ; 15.984 ; 15.984 ;
; X[1]       ; out_ac[7]   ; 18.351 ; 18.351 ; 18.351 ; 18.351 ;
; X[1]       ; out_n       ; 18.784 ; 18.784 ; 18.784 ; 18.784 ;
; X[1]       ; out_z       ; 19.992 ; 19.992 ; 19.992 ; 19.992 ;
; X[2]       ; out_ac[2]   ; 12.125 ; 12.125 ; 12.125 ; 12.125 ;
; X[2]       ; out_ac[3]   ; 12.176 ; 12.176 ; 12.176 ; 12.176 ;
; X[2]       ; out_ac[4]   ; 14.954 ; 14.954 ; 14.954 ; 14.954 ;
; X[2]       ; out_ac[5]   ; 14.006 ; 14.006 ; 14.006 ; 14.006 ;
; X[2]       ; out_ac[6]   ; 16.035 ; 16.035 ; 16.035 ; 16.035 ;
; X[2]       ; out_ac[7]   ; 18.402 ; 18.402 ; 18.402 ; 18.402 ;
; X[2]       ; out_n       ; 18.835 ; 18.835 ; 18.835 ; 18.835 ;
; X[2]       ; out_z       ; 20.043 ; 20.043 ; 20.043 ; 20.043 ;
; X[3]       ; out_ac[3]   ; 12.114 ; 12.114 ; 12.114 ; 12.114 ;
; X[3]       ; out_ac[4]   ; 14.952 ; 14.952 ; 14.952 ; 14.952 ;
; X[3]       ; out_ac[5]   ; 14.004 ; 14.004 ; 14.004 ; 14.004 ;
; X[3]       ; out_ac[6]   ; 16.033 ; 16.033 ; 16.033 ; 16.033 ;
; X[3]       ; out_ac[7]   ; 18.400 ; 18.400 ; 18.400 ; 18.400 ;
; X[3]       ; out_n       ; 18.833 ; 18.833 ; 18.833 ; 18.833 ;
; X[3]       ; out_z       ; 20.041 ; 20.041 ; 20.041 ; 20.041 ;
; X[4]       ; out_ac[4]   ; 11.718 ; 11.718 ; 11.718 ; 11.718 ;
; X[4]       ; out_ac[5]   ; 10.766 ; 10.766 ; 10.766 ; 10.766 ;
; X[4]       ; out_ac[6]   ; 12.795 ; 12.795 ; 12.795 ; 12.795 ;
; X[4]       ; out_ac[7]   ; 15.162 ; 15.162 ; 15.162 ; 15.162 ;
; X[4]       ; out_n       ; 15.595 ; 15.595 ; 15.595 ; 15.595 ;
; X[4]       ; out_z       ; 16.803 ; 16.803 ; 16.803 ; 16.803 ;
; X[5]       ; out_ac[5]   ; 11.125 ; 11.125 ; 11.125 ; 11.125 ;
; X[5]       ; out_ac[6]   ; 12.123 ; 12.123 ; 12.123 ; 12.123 ;
; X[5]       ; out_ac[7]   ; 14.493 ; 14.493 ; 14.493 ; 14.493 ;
; X[5]       ; out_n       ; 14.926 ; 14.926 ; 14.926 ; 14.926 ;
; X[5]       ; out_z       ; 17.162 ; 17.162 ; 17.162 ; 17.162 ;
; X[6]       ; out_ac[6]   ; 13.008 ; 13.008 ; 13.008 ; 13.008 ;
; X[6]       ; out_ac[7]   ; 14.717 ; 14.717 ; 14.717 ; 14.717 ;
; X[6]       ; out_n       ; 15.150 ; 15.150 ; 15.150 ; 15.150 ;
; X[6]       ; out_z       ; 16.330 ; 16.330 ; 16.330 ; 16.330 ;
; X[7]       ; out_ac[7]   ; 11.290 ; 11.290 ; 11.290 ; 11.290 ;
; X[7]       ; out_n       ; 11.723 ; 11.723 ; 11.723 ; 11.723 ;
; X[7]       ; out_z       ; 12.741 ; 12.741 ; 12.741 ; 12.741 ;
; Y[0]       ; out_ac[0]   ; 11.718 ; 10.835 ; 10.835 ; 11.718 ;
; Y[0]       ; out_ac[1]   ; 12.931 ; 12.931 ; 12.931 ; 12.931 ;
; Y[0]       ; out_ac[2]   ; 11.846 ; 11.846 ; 11.846 ; 11.846 ;
; Y[0]       ; out_ac[3]   ; 12.473 ; 12.473 ; 12.473 ; 12.473 ;
; Y[0]       ; out_ac[4]   ; 14.666 ; 14.666 ; 14.666 ; 14.666 ;
; Y[0]       ; out_ac[5]   ; 13.718 ; 13.718 ; 13.718 ; 13.718 ;
; Y[0]       ; out_ac[6]   ; 15.747 ; 15.747 ; 15.747 ; 15.747 ;
; Y[0]       ; out_ac[7]   ; 18.114 ; 18.114 ; 18.114 ; 18.114 ;
; Y[0]       ; out_n       ; 18.547 ; 18.547 ; 18.547 ; 18.547 ;
; Y[0]       ; out_z       ; 19.755 ; 19.755 ; 19.755 ; 19.755 ;
; Y[1]       ; out_ac[1]   ; 12.745 ; 12.745 ; 12.745 ; 12.745 ;
; Y[1]       ; out_ac[2]   ; 11.660 ; 11.660 ; 11.660 ; 11.660 ;
; Y[1]       ; out_ac[3]   ; 12.287 ; 12.287 ; 12.287 ; 12.287 ;
; Y[1]       ; out_ac[4]   ; 14.480 ; 14.480 ; 14.480 ; 14.480 ;
; Y[1]       ; out_ac[5]   ; 13.532 ; 13.532 ; 13.532 ; 13.532 ;
; Y[1]       ; out_ac[6]   ; 15.561 ; 15.561 ; 15.561 ; 15.561 ;
; Y[1]       ; out_ac[7]   ; 17.928 ; 17.928 ; 17.928 ; 17.928 ;
; Y[1]       ; out_n       ; 18.361 ; 18.361 ; 18.361 ; 18.361 ;
; Y[1]       ; out_z       ; 19.569 ; 19.569 ; 19.569 ; 19.569 ;
; Y[2]       ; out_ac[2]   ; 12.231 ; 12.053 ; 12.053 ; 12.231 ;
; Y[2]       ; out_ac[3]   ; 12.405 ; 12.405 ; 12.405 ; 12.405 ;
; Y[2]       ; out_ac[4]   ; 14.870 ; 14.870 ; 14.870 ; 14.870 ;
; Y[2]       ; out_ac[5]   ; 13.922 ; 13.922 ; 13.922 ; 13.922 ;
; Y[2]       ; out_ac[6]   ; 15.951 ; 15.951 ; 15.951 ; 15.951 ;
; Y[2]       ; out_ac[7]   ; 18.318 ; 18.318 ; 18.318 ; 18.318 ;
; Y[2]       ; out_n       ; 18.751 ; 18.751 ; 18.751 ; 18.751 ;
; Y[2]       ; out_z       ; 19.959 ; 19.959 ; 19.959 ; 19.959 ;
; Y[3]       ; out_ac[3]   ; 11.900 ; 11.229 ; 11.229 ; 11.900 ;
; Y[3]       ; out_ac[4]   ; 15.030 ; 15.030 ; 15.030 ; 15.030 ;
; Y[3]       ; out_ac[5]   ; 14.082 ; 14.082 ; 14.082 ; 14.082 ;
; Y[3]       ; out_ac[6]   ; 16.111 ; 16.111 ; 16.111 ; 16.111 ;
; Y[3]       ; out_ac[7]   ; 18.478 ; 18.478 ; 18.478 ; 18.478 ;
; Y[3]       ; out_n       ; 18.911 ; 18.911 ; 18.911 ; 18.911 ;
; Y[3]       ; out_z       ; 20.119 ; 20.119 ; 20.119 ; 20.119 ;
; Y[4]       ; out_ac[4]   ; 11.649 ; 11.649 ; 11.649 ; 11.649 ;
; Y[4]       ; out_ac[5]   ; 10.699 ; 10.699 ; 10.699 ; 10.699 ;
; Y[4]       ; out_ac[6]   ; 12.728 ; 12.728 ; 12.728 ; 12.728 ;
; Y[4]       ; out_ac[7]   ; 15.095 ; 15.095 ; 15.095 ; 15.095 ;
; Y[4]       ; out_n       ; 15.528 ; 15.528 ; 15.528 ; 15.528 ;
; Y[4]       ; out_z       ; 16.736 ; 16.736 ; 16.736 ; 16.736 ;
; Y[5]       ; out_ac[5]   ; 12.232 ; 12.232 ; 12.232 ; 12.232 ;
; Y[5]       ; out_ac[6]   ; 13.237 ; 13.237 ; 13.237 ; 13.237 ;
; Y[5]       ; out_ac[7]   ; 15.599 ; 15.599 ; 15.599 ; 15.599 ;
; Y[5]       ; out_n       ; 16.032 ; 16.032 ; 16.032 ; 16.032 ;
; Y[5]       ; out_z       ; 18.269 ; 18.269 ; 18.269 ; 18.269 ;
; Y[6]       ; out_ac[6]   ; 11.680 ; 11.555 ; 11.555 ; 11.680 ;
; Y[6]       ; out_ac[7]   ; 13.703 ; 13.703 ; 13.703 ; 13.703 ;
; Y[6]       ; out_n       ; 14.136 ; 14.136 ; 14.136 ; 14.136 ;
; Y[6]       ; out_z       ; 15.154 ; 15.154 ; 15.154 ; 15.154 ;
; Y[7]       ; out_ac[7]   ; 11.897 ; 11.897 ; 11.897 ; 11.897 ;
; Y[7]       ; out_n       ; 12.330 ; 12.330 ; 12.330 ; 12.330 ;
; Y[7]       ; out_z       ; 13.348 ; 13.348 ; 13.348 ; 13.348 ;
; alu_add    ; out_ac[0]   ; 7.644  ; 7.644  ; 7.644  ; 7.644  ;
; alu_add    ; out_ac[1]   ; 9.453  ; 9.453  ; 9.453  ; 9.453  ;
; alu_add    ; out_ac[2]   ; 7.690  ; 6.942  ; 6.942  ; 7.690  ;
; alu_add    ; out_ac[3]   ; 8.768  ; 8.768  ; 8.768  ; 8.768  ;
; alu_add    ; out_ac[4]   ; 8.768  ; 8.768  ; 8.768  ; 8.768  ;
; alu_add    ; out_ac[5]   ; 6.826  ; 6.826  ; 6.826  ; 6.826  ;
; alu_add    ; out_ac[6]   ; 8.056  ; 8.056  ; 8.056  ; 8.056  ;
; alu_add    ; out_ac[7]   ; 8.538  ; 8.538  ; 8.538  ; 8.538  ;
; alu_add    ; out_n       ; 7.644  ; 7.644  ; 7.644  ; 7.644  ;
; alu_add    ; out_z       ; 14.004 ; 12.834 ; 12.834 ; 14.004 ;
; alu_and    ; out_ac[0]   ; 13.623 ; 13.623 ; 13.623 ; 13.623 ;
; alu_and    ; out_ac[1]   ; 14.552 ; 14.552 ; 14.552 ; 14.552 ;
; alu_and    ; out_ac[2]   ; 13.524 ; 13.524 ; 13.524 ; 13.524 ;
; alu_and    ; out_ac[3]   ; 13.678 ; 13.678 ; 13.678 ; 13.678 ;
; alu_and    ; out_ac[4]   ; 13.460 ; 13.460 ; 13.460 ; 13.460 ;
; alu_and    ; out_ac[5]   ; 11.518 ; 11.518 ; 11.518 ; 11.518 ;
; alu_and    ; out_ac[6]   ; 12.748 ; 12.748 ; 12.748 ; 12.748 ;
; alu_and    ; out_ac[7]   ; 13.778 ; 13.778 ; 13.778 ; 13.778 ;
; alu_and    ; out_n       ; 14.211 ; 14.211 ; 14.211 ; 14.211 ;
; alu_and    ; out_z       ; 18.696 ; 17.945 ; 17.945 ; 18.696 ;
; alu_not    ; out_ac[0]   ; 10.057 ; 10.057 ; 10.057 ; 10.057 ;
; alu_not    ; out_ac[1]   ; 10.986 ; 10.986 ; 10.986 ; 10.986 ;
; alu_not    ; out_ac[2]   ; 9.958  ; 9.958  ; 9.958  ; 9.958  ;
; alu_not    ; out_ac[3]   ; 10.112 ; 10.112 ; 10.112 ; 10.112 ;
; alu_not    ; out_ac[4]   ; 8.603  ; 8.603  ; 8.603  ; 8.603  ;
; alu_not    ; out_ac[5]   ; 7.938  ; 7.938  ; 7.938  ; 7.938  ;
; alu_not    ; out_ac[6]   ; 8.929  ; 8.929  ; 8.929  ; 8.929  ;
; alu_not    ; out_ac[7]   ; 10.117 ; 10.117 ; 10.117 ; 10.117 ;
; alu_not    ; out_n       ; 10.550 ; 10.550 ; 10.550 ; 10.550 ;
; alu_not    ; out_z       ; 14.379 ; 14.379 ; 14.379 ; 14.379 ;
; alu_or     ; out_ac[0]   ; 13.598 ; 13.598 ; 13.598 ; 13.598 ;
; alu_or     ; out_ac[1]   ; 14.527 ; 14.527 ; 14.527 ; 14.527 ;
; alu_or     ; out_ac[2]   ; 13.499 ; 13.499 ; 13.499 ; 13.499 ;
; alu_or     ; out_ac[3]   ; 13.653 ; 13.653 ; 13.653 ; 13.653 ;
; alu_or     ; out_ac[4]   ; 13.135 ; 13.135 ; 13.135 ; 13.135 ;
; alu_or     ; out_ac[5]   ; 11.479 ; 11.479 ; 11.479 ; 11.479 ;
; alu_or     ; out_ac[6]   ; 12.470 ; 12.470 ; 12.470 ; 12.470 ;
; alu_or     ; out_ac[7]   ; 13.658 ; 13.658 ; 13.658 ; 13.658 ;
; alu_or     ; out_n       ; 14.091 ; 14.091 ; 14.091 ; 14.091 ;
; alu_or     ; out_z       ; 18.371 ; 17.920 ; 17.920 ; 18.371 ;
; alu_passy  ; out_ac[0]   ; 10.770 ; 10.770 ; 10.770 ; 10.770 ;
; alu_passy  ; out_ac[1]   ; 12.579 ; 12.579 ; 12.579 ; 12.579 ;
; alu_passy  ; out_ac[2]   ; 10.068 ; 10.068 ; 10.068 ; 10.068 ;
; alu_passy  ; out_ac[3]   ; 11.894 ; 11.894 ; 11.894 ; 11.894 ;
; alu_passy  ; out_ac[4]   ; 11.894 ; 11.894 ; 11.894 ; 11.894 ;
; alu_passy  ; out_ac[5]   ; 9.952  ; 9.952  ; 9.952  ; 9.952  ;
; alu_passy  ; out_ac[6]   ; 11.182 ; 11.182 ; 11.182 ; 11.182 ;
; alu_passy  ; out_ac[7]   ; 11.664 ; 11.664 ; 11.664 ; 11.664 ;
; alu_passy  ; out_n       ; 10.770 ; 10.770 ; 10.770 ; 10.770 ;
; alu_passy  ; out_z       ; 17.130 ;        ;        ; 17.130 ;
+------------+-------------+--------+--------+--------+--------+


+--------------------------------------------------------------+
; Minimum Propagation Delay                                    ;
+------------+-------------+--------+--------+--------+--------+
; Input Port ; Output Port ; RR     ; RF     ; FR     ; FF     ;
+------------+-------------+--------+--------+--------+--------+
; X[0]       ; out_ac[0]   ; 11.043 ; 11.043 ; 11.043 ; 11.043 ;
; X[0]       ; out_ac[1]   ; 13.146 ; 13.146 ; 13.146 ; 13.146 ;
; X[0]       ; out_ac[2]   ; 12.062 ; 12.062 ; 12.062 ; 12.062 ;
; X[0]       ; out_ac[3]   ; 12.689 ; 12.689 ; 12.689 ; 12.689 ;
; X[0]       ; out_ac[4]   ; 14.882 ; 14.882 ; 14.882 ; 14.882 ;
; X[0]       ; out_ac[5]   ; 13.934 ; 13.934 ; 13.934 ; 13.934 ;
; X[0]       ; out_ac[6]   ; 15.963 ; 15.963 ; 15.963 ; 15.963 ;
; X[0]       ; out_ac[7]   ; 18.330 ; 18.330 ; 18.330 ; 18.330 ;
; X[0]       ; out_n       ; 18.763 ; 18.763 ; 18.763 ; 18.763 ;
; X[0]       ; out_z       ; 15.241 ; 15.241 ; 15.241 ; 15.241 ;
; X[1]       ; out_ac[1]   ; 13.013 ; 13.013 ; 13.013 ; 13.013 ;
; X[1]       ; out_ac[2]   ; 12.083 ; 12.083 ; 12.083 ; 12.083 ;
; X[1]       ; out_ac[3]   ; 12.710 ; 12.710 ; 12.710 ; 12.710 ;
; X[1]       ; out_ac[4]   ; 14.903 ; 14.903 ; 14.903 ; 14.903 ;
; X[1]       ; out_ac[5]   ; 13.955 ; 13.955 ; 13.955 ; 13.955 ;
; X[1]       ; out_ac[6]   ; 15.984 ; 15.984 ; 15.984 ; 15.984 ;
; X[1]       ; out_ac[7]   ; 18.351 ; 18.351 ; 18.351 ; 18.351 ;
; X[1]       ; out_n       ; 18.784 ; 18.784 ; 18.784 ; 18.784 ;
; X[1]       ; out_z       ; 16.050 ; 16.050 ; 16.050 ; 16.050 ;
; X[2]       ; out_ac[2]   ; 12.008 ; 12.008 ; 12.008 ; 12.008 ;
; X[2]       ; out_ac[3]   ; 12.176 ; 12.176 ; 12.176 ; 12.176 ;
; X[2]       ; out_ac[4]   ; 14.954 ; 14.954 ; 14.954 ; 14.954 ;
; X[2]       ; out_ac[5]   ; 14.006 ; 14.006 ; 14.006 ; 14.006 ;
; X[2]       ; out_ac[6]   ; 16.035 ; 16.035 ; 16.035 ; 16.035 ;
; X[2]       ; out_ac[7]   ; 18.402 ; 18.402 ; 18.402 ; 18.402 ;
; X[2]       ; out_n       ; 18.835 ; 18.835 ; 18.835 ; 18.835 ;
; X[2]       ; out_z       ; 16.235 ; 16.235 ; 16.235 ; 16.235 ;
; X[3]       ; out_ac[3]   ; 11.792 ; 11.792 ; 11.792 ; 11.792 ;
; X[3]       ; out_ac[4]   ; 13.834 ; 13.834 ; 13.834 ; 13.834 ;
; X[3]       ; out_ac[5]   ; 12.885 ; 12.885 ; 12.885 ; 12.885 ;
; X[3]       ; out_ac[6]   ; 14.914 ; 14.914 ; 14.914 ; 14.914 ;
; X[3]       ; out_ac[7]   ; 17.281 ; 17.281 ; 17.281 ; 17.281 ;
; X[3]       ; out_n       ; 17.714 ; 17.714 ; 17.714 ; 17.714 ;
; X[3]       ; out_z       ; 16.059 ; 16.059 ; 16.059 ; 16.059 ;
; X[4]       ; out_ac[4]   ; 11.558 ; 11.558 ; 11.558 ; 11.558 ;
; X[4]       ; out_ac[5]   ; 10.766 ; 10.766 ; 10.766 ; 10.766 ;
; X[4]       ; out_ac[6]   ; 12.795 ; 12.795 ; 12.795 ; 12.795 ;
; X[4]       ; out_ac[7]   ; 15.162 ; 15.162 ; 15.162 ; 15.162 ;
; X[4]       ; out_n       ; 15.595 ; 15.595 ; 15.595 ; 15.595 ;
; X[4]       ; out_z       ; 15.696 ; 15.696 ; 15.696 ; 15.696 ;
; X[5]       ; out_ac[5]   ; 10.908 ; 10.908 ; 10.908 ; 10.908 ;
; X[5]       ; out_ac[6]   ; 12.123 ; 12.123 ; 12.123 ; 12.123 ;
; X[5]       ; out_ac[7]   ; 14.493 ; 14.493 ; 14.493 ; 14.493 ;
; X[5]       ; out_n       ; 14.926 ; 14.926 ; 14.926 ; 14.926 ;
; X[5]       ; out_z       ; 15.445 ; 15.445 ; 15.445 ; 15.445 ;
; X[6]       ; out_ac[6]   ; 12.879 ; 12.879 ; 12.879 ; 12.879 ;
; X[6]       ; out_ac[7]   ; 14.717 ; 14.717 ; 14.717 ; 14.717 ;
; X[6]       ; out_n       ; 15.150 ; 15.150 ; 15.150 ; 15.150 ;
; X[6]       ; out_z       ; 16.168 ; 16.168 ; 16.168 ; 16.168 ;
; X[7]       ; out_ac[7]   ; 10.981 ; 10.981 ; 10.981 ; 10.981 ;
; X[7]       ; out_n       ; 11.414 ; 11.414 ; 11.414 ; 11.414 ;
; X[7]       ; out_z       ; 12.432 ; 12.432 ; 12.432 ; 12.432 ;
; Y[0]       ; out_ac[0]   ; 10.835 ; 10.835 ; 10.835 ; 10.835 ;
; Y[0]       ; out_ac[1]   ; 12.931 ; 12.931 ; 12.931 ; 12.931 ;
; Y[0]       ; out_ac[2]   ; 11.846 ; 11.846 ; 11.846 ; 11.846 ;
; Y[0]       ; out_ac[3]   ; 12.473 ; 12.473 ; 12.473 ; 12.473 ;
; Y[0]       ; out_ac[4]   ; 14.666 ; 14.666 ; 14.666 ; 14.666 ;
; Y[0]       ; out_ac[5]   ; 13.718 ; 13.718 ; 13.718 ; 13.718 ;
; Y[0]       ; out_ac[6]   ; 15.747 ; 15.747 ; 15.747 ; 15.747 ;
; Y[0]       ; out_ac[7]   ; 18.114 ; 18.114 ; 18.114 ; 18.114 ;
; Y[0]       ; out_n       ; 18.547 ; 18.547 ; 18.547 ; 18.547 ;
; Y[0]       ; out_z       ; 15.033 ; 15.033 ; 15.033 ; 15.033 ;
; Y[1]       ; out_ac[1]   ; 12.288 ; 12.745 ; 12.745 ; 12.288 ;
; Y[1]       ; out_ac[2]   ; 11.660 ; 11.660 ; 11.660 ; 11.660 ;
; Y[1]       ; out_ac[3]   ; 12.287 ; 12.287 ; 12.287 ; 12.287 ;
; Y[1]       ; out_ac[4]   ; 14.480 ; 14.480 ; 14.480 ; 14.480 ;
; Y[1]       ; out_ac[5]   ; 13.532 ; 13.532 ; 13.532 ; 13.532 ;
; Y[1]       ; out_ac[6]   ; 15.561 ; 15.561 ; 15.561 ; 15.561 ;
; Y[1]       ; out_ac[7]   ; 17.928 ; 17.928 ; 17.928 ; 17.928 ;
; Y[1]       ; out_n       ; 18.361 ; 18.361 ; 18.361 ; 18.361 ;
; Y[1]       ; out_z       ; 15.782 ; 15.325 ; 15.325 ; 15.782 ;
; Y[2]       ; out_ac[2]   ; 12.053 ; 12.053 ; 12.053 ; 12.053 ;
; Y[2]       ; out_ac[3]   ; 12.405 ; 12.405 ; 12.405 ; 12.405 ;
; Y[2]       ; out_ac[4]   ; 14.870 ; 14.870 ; 14.870 ; 14.870 ;
; Y[2]       ; out_ac[5]   ; 13.922 ; 13.922 ; 13.922 ; 13.922 ;
; Y[2]       ; out_ac[6]   ; 15.951 ; 15.951 ; 15.951 ; 15.951 ;
; Y[2]       ; out_ac[7]   ; 18.318 ; 18.318 ; 18.318 ; 18.318 ;
; Y[2]       ; out_n       ; 18.751 ; 18.751 ; 18.751 ; 18.751 ;
; Y[2]       ; out_z       ; 16.280 ; 16.280 ; 16.280 ; 16.280 ;
; Y[3]       ; out_ac[3]   ; 11.229 ; 11.229 ; 11.229 ; 11.229 ;
; Y[3]       ; out_ac[4]   ; 13.938 ; 13.938 ; 13.938 ; 13.938 ;
; Y[3]       ; out_ac[5]   ; 12.989 ; 12.989 ; 12.989 ; 12.989 ;
; Y[3]       ; out_ac[6]   ; 15.018 ; 15.018 ; 15.018 ; 15.018 ;
; Y[3]       ; out_ac[7]   ; 17.385 ; 17.385 ; 17.385 ; 17.385 ;
; Y[3]       ; out_n       ; 17.818 ; 17.818 ; 17.818 ; 17.818 ;
; Y[3]       ; out_z       ; 15.496 ; 15.496 ; 15.496 ; 15.496 ;
; Y[4]       ; out_ac[4]   ; 11.479 ; 11.649 ; 11.649 ; 11.479 ;
; Y[4]       ; out_ac[5]   ; 10.699 ; 10.699 ; 10.699 ; 10.699 ;
; Y[4]       ; out_ac[6]   ; 12.728 ; 12.728 ; 12.728 ; 12.728 ;
; Y[4]       ; out_ac[7]   ; 15.095 ; 15.095 ; 15.095 ; 15.095 ;
; Y[4]       ; out_n       ; 15.528 ; 15.528 ; 15.528 ; 15.528 ;
; Y[4]       ; out_z       ; 15.787 ; 15.617 ; 15.617 ; 15.787 ;
; Y[5]       ; out_ac[5]   ; 12.015 ; 12.232 ; 12.232 ; 12.015 ;
; Y[5]       ; out_ac[6]   ; 13.237 ; 13.237 ; 13.237 ; 13.237 ;
; Y[5]       ; out_ac[7]   ; 15.599 ; 15.599 ; 15.599 ; 15.599 ;
; Y[5]       ; out_n       ; 16.032 ; 16.032 ; 16.032 ; 16.032 ;
; Y[5]       ; out_z       ; 16.559 ; 16.559 ; 16.559 ; 16.559 ;
; Y[6]       ; out_ac[6]   ; 11.555 ; 11.555 ; 11.555 ; 11.555 ;
; Y[6]       ; out_ac[7]   ; 13.703 ; 13.703 ; 13.703 ; 13.703 ;
; Y[6]       ; out_n       ; 14.136 ; 14.136 ; 14.136 ; 14.136 ;
; Y[6]       ; out_z       ; 14.877 ; 14.877 ; 14.877 ; 14.877 ;
; Y[7]       ; out_ac[7]   ; 11.585 ; 11.585 ; 11.585 ; 11.585 ;
; Y[7]       ; out_n       ; 12.018 ; 12.018 ; 12.018 ; 12.018 ;
; Y[7]       ; out_z       ; 13.036 ; 13.036 ; 13.036 ; 13.036 ;
; alu_add    ; out_ac[0]   ; 7.087  ; 7.087  ; 7.087  ; 7.087  ;
; alu_add    ; out_ac[1]   ; 8.228  ; 8.228  ; 8.228  ; 8.228  ;
; alu_add    ; out_ac[2]   ; 6.942  ; 6.915  ; 6.915  ; 6.942  ;
; alu_add    ; out_ac[3]   ; 7.072  ; 7.072  ; 7.072  ; 7.072  ;
; alu_add    ; out_ac[4]   ; 7.595  ; 7.595  ; 7.595  ; 7.595  ;
; alu_add    ; out_ac[5]   ; 6.797  ; 6.797  ; 6.797  ; 6.797  ;
; alu_add    ; out_ac[6]   ; 7.789  ; 7.789  ; 7.789  ; 7.789  ;
; alu_add    ; out_ac[7]   ; 7.144  ; 7.144  ; 7.144  ; 7.144  ;
; alu_add    ; out_n       ; 7.577  ; 7.577  ; 7.577  ; 7.577  ;
; alu_add    ; out_z       ; 8.595  ; 8.595  ; 8.595  ; 8.595  ;
; alu_and    ; out_ac[0]   ; 12.336 ; 12.336 ; 12.336 ; 12.336 ;
; alu_and    ; out_ac[1]   ; 14.145 ; 14.145 ; 14.145 ; 14.145 ;
; alu_and    ; out_ac[2]   ; 11.634 ; 11.634 ; 11.634 ; 11.634 ;
; alu_and    ; out_ac[3]   ; 13.460 ; 13.460 ; 13.460 ; 13.460 ;
; alu_and    ; out_ac[4]   ; 11.919 ; 11.919 ; 11.919 ; 11.919 ;
; alu_and    ; out_ac[5]   ; 11.254 ; 11.254 ; 11.254 ; 11.254 ;
; alu_and    ; out_ac[6]   ; 12.245 ; 12.245 ; 12.245 ; 12.245 ;
; alu_and    ; out_ac[7]   ; 13.230 ; 13.230 ; 13.230 ; 13.230 ;
; alu_and    ; out_n       ; 12.336 ; 12.336 ; 12.336 ; 12.336 ;
; alu_and    ; out_z       ; 15.134 ; 15.134 ; 15.134 ; 15.134 ;
; alu_not    ; out_ac[0]   ; 7.144  ; 7.144  ; 7.144  ; 7.144  ;
; alu_not    ; out_ac[1]   ; 8.953  ; 8.953  ; 8.953  ; 8.953  ;
; alu_not    ; out_ac[2]   ; 6.442  ; 6.442  ; 6.442  ; 6.442  ;
; alu_not    ; out_ac[3]   ; 8.268  ; 8.268  ; 8.268  ; 8.268  ;
; alu_not    ; out_ac[4]   ; 8.268  ; 8.268  ; 8.268  ; 8.268  ;
; alu_not    ; out_ac[5]   ; 6.326  ; 6.326  ; 6.326  ; 6.326  ;
; alu_not    ; out_ac[6]   ; 7.556  ; 7.556  ; 7.556  ; 7.556  ;
; alu_not    ; out_ac[7]   ; 8.038  ; 8.038  ; 8.038  ; 8.038  ;
; alu_not    ; out_n       ; 7.144  ; 7.144  ; 7.144  ; 7.144  ;
; alu_not    ; out_z       ; 11.568 ; 11.568 ; 11.568 ; 11.568 ;
; alu_or     ; out_ac[0]   ; 12.011 ; 12.011 ; 12.011 ; 12.011 ;
; alu_or     ; out_ac[1]   ; 13.820 ; 13.820 ; 13.820 ; 13.820 ;
; alu_or     ; out_ac[2]   ; 11.309 ; 11.309 ; 11.309 ; 11.309 ;
; alu_or     ; out_ac[3]   ; 13.135 ; 13.135 ; 13.135 ; 13.135 ;
; alu_or     ; out_ac[4]   ; 11.594 ; 11.594 ; 11.594 ; 11.594 ;
; alu_or     ; out_ac[5]   ; 10.929 ; 10.929 ; 10.929 ; 10.929 ;
; alu_or     ; out_ac[6]   ; 11.920 ; 11.920 ; 11.920 ; 11.920 ;
; alu_or     ; out_ac[7]   ; 12.905 ; 12.905 ; 12.905 ; 12.905 ;
; alu_or     ; out_n       ; 12.011 ; 12.011 ; 12.011 ; 12.011 ;
; alu_or     ; out_z       ; 14.904 ; 14.904 ; 14.904 ; 14.904 ;
; alu_passy  ; out_ac[0]   ; 10.770 ; 10.770 ; 10.770 ; 10.770 ;
; alu_passy  ; out_ac[1]   ; 12.579 ; 12.579 ; 12.579 ; 12.579 ;
; alu_passy  ; out_ac[2]   ; 10.068 ; 10.068 ; 10.068 ; 10.068 ;
; alu_passy  ; out_ac[3]   ; 11.894 ; 11.894 ; 11.894 ; 11.894 ;
; alu_passy  ; out_ac[4]   ; 11.894 ; 11.894 ; 11.894 ; 11.894 ;
; alu_passy  ; out_ac[5]   ; 9.952  ; 9.952  ; 9.952  ; 9.952  ;
; alu_passy  ; out_ac[6]   ; 11.182 ; 11.182 ; 11.182 ; 11.182 ;
; alu_passy  ; out_ac[7]   ; 11.664 ; 11.664 ; 11.664 ; 11.664 ;
; alu_passy  ; out_n       ; 10.770 ; 10.770 ; 10.770 ; 10.770 ;
; alu_passy  ; out_z       ; 17.130 ;        ;        ; 17.130 ;
+------------+-------------+--------+--------+--------+--------+


----------------------------
; Fast Model Setup Summary ;
----------------------------
No paths to report.


---------------------------
; Fast Model Hold Summary ;
---------------------------
No paths to report.


-------------------------------
; Fast Model Recovery Summary ;
-------------------------------
No paths to report.


------------------------------
; Fast Model Removal Summary ;
------------------------------
No paths to report.


------------------------------------------
; Fast Model Minimum Pulse Width Summary ;
------------------------------------------
No paths to report.


+--------------------------------------------------------------+
; Propagation Delay                                            ;
+------------+-------------+--------+--------+--------+--------+
; Input Port ; Output Port ; RR     ; RF     ; FR     ; FF     ;
+------------+-------------+--------+--------+--------+--------+
; X[0]       ; out_ac[0]   ; 6.503  ; 6.503  ; 6.503  ; 6.503  ;
; X[0]       ; out_ac[1]   ; 7.215  ; 7.215  ; 7.215  ; 7.215  ;
; X[0]       ; out_ac[2]   ; 6.562  ; 6.562  ; 6.562  ; 6.562  ;
; X[0]       ; out_ac[3]   ; 6.845  ; 6.845  ; 6.845  ; 6.845  ;
; X[0]       ; out_ac[4]   ; 7.888  ; 7.888  ; 7.888  ; 7.888  ;
; X[0]       ; out_ac[5]   ; 7.394  ; 7.394  ; 7.394  ; 7.394  ;
; X[0]       ; out_ac[6]   ; 8.327  ; 8.327  ; 8.327  ; 8.327  ;
; X[0]       ; out_ac[7]   ; 9.374  ; 9.374  ; 9.374  ; 9.374  ;
; X[0]       ; out_n       ; 9.594  ; 9.594  ; 9.594  ; 9.594  ;
; X[0]       ; out_z       ; 10.332 ; 10.332 ; 10.332 ; 10.332 ;
; X[1]       ; out_ac[1]   ; 7.198  ; 7.198  ; 7.198  ; 7.198  ;
; X[1]       ; out_ac[2]   ; 6.548  ; 6.548  ; 6.548  ; 6.548  ;
; X[1]       ; out_ac[3]   ; 6.831  ; 6.831  ; 6.831  ; 6.831  ;
; X[1]       ; out_ac[4]   ; 7.874  ; 7.874  ; 7.874  ; 7.874  ;
; X[1]       ; out_ac[5]   ; 7.380  ; 7.380  ; 7.380  ; 7.380  ;
; X[1]       ; out_ac[6]   ; 8.313  ; 8.313  ; 8.313  ; 8.313  ;
; X[1]       ; out_ac[7]   ; 9.360  ; 9.360  ; 9.360  ; 9.360  ;
; X[1]       ; out_n       ; 9.580  ; 9.580  ; 9.580  ; 9.580  ;
; X[1]       ; out_z       ; 10.318 ; 10.318 ; 10.318 ; 10.318 ;
; X[2]       ; out_ac[2]   ; 6.598  ; 6.598  ; 6.598  ; 6.598  ;
; X[2]       ; out_ac[3]   ; 6.639  ; 6.639  ; 6.639  ; 6.639  ;
; X[2]       ; out_ac[4]   ; 7.933  ; 7.933  ; 7.933  ; 7.933  ;
; X[2]       ; out_ac[5]   ; 7.439  ; 7.439  ; 7.439  ; 7.439  ;
; X[2]       ; out_ac[6]   ; 8.372  ; 8.372  ; 8.372  ; 8.372  ;
; X[2]       ; out_ac[7]   ; 9.419  ; 9.419  ; 9.419  ; 9.419  ;
; X[2]       ; out_n       ; 9.639  ; 9.639  ; 9.639  ; 9.639  ;
; X[2]       ; out_z       ; 10.377 ; 10.377 ; 10.377 ; 10.377 ;
; X[3]       ; out_ac[3]   ; 6.542  ; 6.542  ; 6.542  ; 6.542  ;
; X[3]       ; out_ac[4]   ; 7.867  ; 7.867  ; 7.867  ; 7.867  ;
; X[3]       ; out_ac[5]   ; 7.373  ; 7.373  ; 7.373  ; 7.373  ;
; X[3]       ; out_ac[6]   ; 8.306  ; 8.306  ; 8.306  ; 8.306  ;
; X[3]       ; out_ac[7]   ; 9.353  ; 9.353  ; 9.353  ; 9.353  ;
; X[3]       ; out_n       ; 9.573  ; 9.573  ; 9.573  ; 9.573  ;
; X[3]       ; out_z       ; 10.311 ; 10.311 ; 10.311 ; 10.311 ;
; X[4]       ; out_ac[4]   ; 6.399  ; 6.399  ; 6.399  ; 6.399  ;
; X[4]       ; out_ac[5]   ; 5.906  ; 5.906  ; 5.906  ; 5.906  ;
; X[4]       ; out_ac[6]   ; 6.839  ; 6.839  ; 6.839  ; 6.839  ;
; X[4]       ; out_ac[7]   ; 7.886  ; 7.886  ; 7.886  ; 7.886  ;
; X[4]       ; out_n       ; 8.106  ; 8.106  ; 8.106  ; 8.106  ;
; X[4]       ; out_z       ; 8.844  ; 8.844  ; 8.844  ; 8.844  ;
; X[5]       ; out_ac[5]   ; 6.056  ; 6.056  ; 6.056  ; 6.056  ;
; X[5]       ; out_ac[6]   ; 6.538  ; 6.538  ; 6.538  ; 6.538  ;
; X[5]       ; out_ac[7]   ; 7.587  ; 7.587  ; 7.587  ; 7.587  ;
; X[5]       ; out_n       ; 7.807  ; 7.807  ; 7.807  ; 7.807  ;
; X[5]       ; out_z       ; 8.994  ; 8.994  ; 8.994  ; 8.994  ;
; X[6]       ; out_ac[6]   ; 7.004  ; 7.004  ; 7.004  ; 7.004  ;
; X[6]       ; out_ac[7]   ; 7.780  ; 7.780  ; 7.780  ; 7.780  ;
; X[6]       ; out_n       ; 8.000  ; 8.000  ; 8.000  ; 8.000  ;
; X[6]       ; out_z       ; 8.573  ; 8.573  ; 8.573  ; 8.573  ;
; X[7]       ; out_ac[7]   ; 6.135  ; 6.135  ; 6.135  ; 6.135  ;
; X[7]       ; out_n       ; 6.355  ; 6.355  ; 6.355  ; 6.355  ;
; X[7]       ; out_z       ; 6.802  ; 6.802  ; 6.802  ; 6.802  ;
; Y[0]       ; out_ac[0]   ; 6.383  ; 6.013  ; 6.013  ; 6.383  ;
; Y[0]       ; out_ac[1]   ; 7.087  ; 7.087  ; 7.087  ; 7.087  ;
; Y[0]       ; out_ac[2]   ; 6.432  ; 6.432  ; 6.432  ; 6.432  ;
; Y[0]       ; out_ac[3]   ; 6.715  ; 6.715  ; 6.715  ; 6.715  ;
; Y[0]       ; out_ac[4]   ; 7.758  ; 7.758  ; 7.758  ; 7.758  ;
; Y[0]       ; out_ac[5]   ; 7.264  ; 7.264  ; 7.264  ; 7.264  ;
; Y[0]       ; out_ac[6]   ; 8.197  ; 8.197  ; 8.197  ; 8.197  ;
; Y[0]       ; out_ac[7]   ; 9.244  ; 9.244  ; 9.244  ; 9.244  ;
; Y[0]       ; out_n       ; 9.464  ; 9.464  ; 9.464  ; 9.464  ;
; Y[0]       ; out_z       ; 10.202 ; 10.202 ; 10.202 ; 10.202 ;
; Y[1]       ; out_ac[1]   ; 6.922  ; 6.922  ; 6.922  ; 6.922  ;
; Y[1]       ; out_ac[2]   ; 6.269  ; 6.269  ; 6.269  ; 6.269  ;
; Y[1]       ; out_ac[3]   ; 6.552  ; 6.552  ; 6.552  ; 6.552  ;
; Y[1]       ; out_ac[4]   ; 7.595  ; 7.595  ; 7.595  ; 7.595  ;
; Y[1]       ; out_ac[5]   ; 7.101  ; 7.101  ; 7.101  ; 7.101  ;
; Y[1]       ; out_ac[6]   ; 8.034  ; 8.034  ; 8.034  ; 8.034  ;
; Y[1]       ; out_ac[7]   ; 9.081  ; 9.081  ; 9.081  ; 9.081  ;
; Y[1]       ; out_n       ; 9.301  ; 9.301  ; 9.301  ; 9.301  ;
; Y[1]       ; out_z       ; 10.039 ; 10.039 ; 10.039 ; 10.039 ;
; Y[2]       ; out_ac[2]   ; 6.625  ; 6.557  ; 6.557  ; 6.625  ;
; Y[2]       ; out_ac[3]   ; 6.722  ; 6.722  ; 6.722  ; 6.722  ;
; Y[2]       ; out_ac[4]   ; 7.880  ; 7.880  ; 7.880  ; 7.880  ;
; Y[2]       ; out_ac[5]   ; 7.386  ; 7.386  ; 7.386  ; 7.386  ;
; Y[2]       ; out_ac[6]   ; 8.319  ; 8.319  ; 8.319  ; 8.319  ;
; Y[2]       ; out_ac[7]   ; 9.366  ; 9.366  ; 9.366  ; 9.366  ;
; Y[2]       ; out_n       ; 9.586  ; 9.586  ; 9.586  ; 9.586  ;
; Y[2]       ; out_z       ; 10.324 ; 10.324 ; 10.324 ; 10.324 ;
; Y[3]       ; out_ac[3]   ; 6.441  ; 6.160  ; 6.160  ; 6.441  ;
; Y[3]       ; out_ac[4]   ; 7.895  ; 7.895  ; 7.895  ; 7.895  ;
; Y[3]       ; out_ac[5]   ; 7.401  ; 7.401  ; 7.401  ; 7.401  ;
; Y[3]       ; out_ac[6]   ; 8.334  ; 8.334  ; 8.334  ; 8.334  ;
; Y[3]       ; out_ac[7]   ; 9.381  ; 9.381  ; 9.381  ; 9.381  ;
; Y[3]       ; out_n       ; 9.601  ; 9.601  ; 9.601  ; 9.601  ;
; Y[3]       ; out_z       ; 10.339 ; 10.339 ; 10.339 ; 10.339 ;
; Y[4]       ; out_ac[4]   ; 6.325  ; 6.325  ; 6.325  ; 6.325  ;
; Y[4]       ; out_ac[5]   ; 5.832  ; 5.832  ; 5.832  ; 5.832  ;
; Y[4]       ; out_ac[6]   ; 6.765  ; 6.765  ; 6.765  ; 6.765  ;
; Y[4]       ; out_ac[7]   ; 7.812  ; 7.812  ; 7.812  ; 7.812  ;
; Y[4]       ; out_n       ; 8.032  ; 8.032  ; 8.032  ; 8.032  ;
; Y[4]       ; out_z       ; 8.770  ; 8.770  ; 8.770  ; 8.770  ;
; Y[5]       ; out_ac[5]   ; 6.610  ; 6.610  ; 6.610  ; 6.610  ;
; Y[5]       ; out_ac[6]   ; 7.099  ; 7.099  ; 7.099  ; 7.099  ;
; Y[5]       ; out_ac[7]   ; 8.142  ; 8.142  ; 8.142  ; 8.142  ;
; Y[5]       ; out_n       ; 8.362  ; 8.362  ; 8.362  ; 8.362  ;
; Y[5]       ; out_z       ; 9.548  ; 9.548  ; 9.548  ; 9.548  ;
; Y[6]       ; out_ac[6]   ; 6.319  ; 6.258  ; 6.258  ; 6.319  ;
; Y[6]       ; out_ac[7]   ; 7.246  ; 7.246  ; 7.246  ; 7.246  ;
; Y[6]       ; out_n       ; 7.466  ; 7.466  ; 7.466  ; 7.466  ;
; Y[6]       ; out_z       ; 7.913  ; 7.913  ; 7.913  ; 7.913  ;
; Y[7]       ; out_ac[7]   ; 6.433  ; 6.433  ; 6.433  ; 6.433  ;
; Y[7]       ; out_n       ; 6.653  ; 6.653  ; 6.653  ; 6.653  ;
; Y[7]       ; out_z       ; 7.100  ; 7.100  ; 7.100  ; 7.100  ;
; alu_add    ; out_ac[0]   ; 3.917  ; 3.917  ; 3.917  ; 3.917  ;
; alu_add    ; out_ac[1]   ; 4.717  ; 4.717  ; 4.717  ; 4.717  ;
; alu_add    ; out_ac[2]   ; 3.896  ; 3.555  ; 3.555  ; 3.896  ;
; alu_add    ; out_ac[3]   ; 4.407  ; 4.407  ; 4.407  ; 4.407  ;
; alu_add    ; out_ac[4]   ; 4.407  ; 4.407  ; 4.407  ; 4.407  ;
; alu_add    ; out_ac[5]   ; 3.520  ; 3.520  ; 3.520  ; 3.520  ;
; alu_add    ; out_ac[6]   ; 4.089  ; 4.089  ; 4.089  ; 4.089  ;
; alu_add    ; out_ac[7]   ; 4.312  ; 4.312  ; 4.312  ; 4.312  ;
; alu_add    ; out_n       ; 3.917  ; 3.917  ; 3.917  ; 3.917  ;
; alu_add    ; out_z       ; 6.797  ; 6.458  ; 6.458  ; 6.797  ;
; alu_and    ; out_ac[0]   ; 7.227  ; 7.227  ; 7.227  ; 7.227  ;
; alu_and    ; out_ac[1]   ; 7.793  ; 7.793  ; 7.793  ; 7.793  ;
; alu_and    ; out_ac[2]   ; 7.178  ; 7.178  ; 7.178  ; 7.178  ;
; alu_and    ; out_ac[3]   ; 7.271  ; 7.271  ; 7.271  ; 7.271  ;
; alu_and    ; out_ac[4]   ; 7.109  ; 7.109  ; 7.109  ; 7.109  ;
; alu_and    ; out_ac[5]   ; 6.233  ; 6.233  ; 6.233  ; 6.233  ;
; alu_and    ; out_ac[6]   ; 6.791  ; 6.791  ; 6.791  ; 6.791  ;
; alu_and    ; out_ac[7]   ; 7.330  ; 7.330  ; 7.330  ; 7.330  ;
; alu_and    ; out_n       ; 7.550  ; 7.550  ; 7.550  ; 7.550  ;
; alu_and    ; out_z       ; 9.499  ; 9.226  ; 9.226  ; 9.499  ;
; alu_not    ; out_ac[0]   ; 4.996  ; 4.996  ; 4.996  ; 4.996  ;
; alu_not    ; out_ac[1]   ; 5.562  ; 5.562  ; 5.562  ; 5.562  ;
; alu_not    ; out_ac[2]   ; 4.947  ; 4.947  ; 4.947  ; 4.947  ;
; alu_not    ; out_ac[3]   ; 5.040  ; 5.040  ; 5.040  ; 5.040  ;
; alu_not    ; out_ac[4]   ; 4.361  ; 4.361  ; 4.361  ; 4.361  ;
; alu_not    ; out_ac[5]   ; 4.002  ; 4.002  ; 4.002  ; 4.002  ;
; alu_not    ; out_ac[6]   ; 4.468  ; 4.468  ; 4.468  ; 4.468  ;
; alu_not    ; out_ac[7]   ; 5.044  ; 5.044  ; 5.044  ; 5.044  ;
; alu_not    ; out_n       ; 5.264  ; 5.264  ; 5.264  ; 5.264  ;
; alu_not    ; out_z       ; 6.995  ; 6.995  ; 6.995  ; 6.995  ;
; alu_or     ; out_ac[0]   ; 7.168  ; 7.168  ; 7.168  ; 7.168  ;
; alu_or     ; out_ac[1]   ; 7.734  ; 7.734  ; 7.734  ; 7.734  ;
; alu_or     ; out_ac[2]   ; 7.119  ; 7.119  ; 7.119  ; 7.119  ;
; alu_or     ; out_ac[3]   ; 7.212  ; 7.212  ; 7.212  ; 7.212  ;
; alu_or     ; out_ac[4]   ; 6.931  ; 6.931  ; 6.931  ; 6.931  ;
; alu_or     ; out_ac[5]   ; 6.174  ; 6.174  ; 6.174  ; 6.174  ;
; alu_or     ; out_ac[6]   ; 6.640  ; 6.640  ; 6.640  ; 6.640  ;
; alu_or     ; out_ac[7]   ; 7.216  ; 7.216  ; 7.216  ; 7.216  ;
; alu_or     ; out_n       ; 7.436  ; 7.436  ; 7.436  ; 7.436  ;
; alu_or     ; out_z       ; 9.321  ; 9.167  ; 9.167  ; 9.321  ;
; alu_passy  ; out_ac[0]   ; 5.963  ; 5.963  ; 5.963  ; 5.963  ;
; alu_passy  ; out_ac[1]   ; 6.763  ; 6.763  ; 6.763  ; 6.763  ;
; alu_passy  ; out_ac[2]   ; 5.559  ; 5.559  ; 5.559  ; 5.559  ;
; alu_passy  ; out_ac[3]   ; 6.453  ; 6.453  ; 6.453  ; 6.453  ;
; alu_passy  ; out_ac[4]   ; 6.453  ; 6.453  ; 6.453  ; 6.453  ;
; alu_passy  ; out_ac[5]   ; 5.562  ; 5.562  ; 5.562  ; 5.562  ;
; alu_passy  ; out_ac[6]   ; 6.135  ; 6.135  ; 6.135  ; 6.135  ;
; alu_passy  ; out_ac[7]   ; 6.358  ; 6.358  ; 6.358  ; 6.358  ;
; alu_passy  ; out_n       ; 5.963  ; 5.963  ; 5.963  ; 5.963  ;
; alu_passy  ; out_z       ; 8.843  ;        ;        ; 8.843  ;
+------------+-------------+--------+--------+--------+--------+


+----------------------------------------------------------+
; Minimum Propagation Delay                                ;
+------------+-------------+-------+-------+-------+-------+
; Input Port ; Output Port ; RR    ; RF    ; FR    ; FF    ;
+------------+-------------+-------+-------+-------+-------+
; X[0]       ; out_ac[0]   ; 6.133 ; 6.133 ; 6.133 ; 6.133 ;
; X[0]       ; out_ac[1]   ; 7.215 ; 7.215 ; 7.215 ; 7.215 ;
; X[0]       ; out_ac[2]   ; 6.562 ; 6.562 ; 6.562 ; 6.562 ;
; X[0]       ; out_ac[3]   ; 6.845 ; 6.845 ; 6.845 ; 6.845 ;
; X[0]       ; out_ac[4]   ; 7.888 ; 7.888 ; 7.888 ; 7.888 ;
; X[0]       ; out_ac[5]   ; 7.394 ; 7.394 ; 7.394 ; 7.394 ;
; X[0]       ; out_ac[6]   ; 8.327 ; 8.327 ; 8.327 ; 8.327 ;
; X[0]       ; out_ac[7]   ; 9.374 ; 9.374 ; 9.374 ; 9.374 ;
; X[0]       ; out_n       ; 9.594 ; 9.594 ; 9.594 ; 9.594 ;
; X[0]       ; out_z       ; 8.033 ; 8.033 ; 8.033 ; 8.033 ;
; X[1]       ; out_ac[1]   ; 7.122 ; 7.122 ; 7.122 ; 7.122 ;
; X[1]       ; out_ac[2]   ; 6.548 ; 6.548 ; 6.548 ; 6.548 ;
; X[1]       ; out_ac[3]   ; 6.831 ; 6.831 ; 6.831 ; 6.831 ;
; X[1]       ; out_ac[4]   ; 7.874 ; 7.874 ; 7.874 ; 7.874 ;
; X[1]       ; out_ac[5]   ; 7.380 ; 7.380 ; 7.380 ; 7.380 ;
; X[1]       ; out_ac[6]   ; 8.313 ; 8.313 ; 8.313 ; 8.313 ;
; X[1]       ; out_ac[7]   ; 9.360 ; 9.360 ; 9.360 ; 9.360 ;
; X[1]       ; out_n       ; 9.580 ; 9.580 ; 9.580 ; 9.580 ;
; X[1]       ; out_z       ; 8.369 ; 8.369 ; 8.369 ; 8.369 ;
; X[2]       ; out_ac[2]   ; 6.546 ; 6.546 ; 6.546 ; 6.546 ;
; X[2]       ; out_ac[3]   ; 6.639 ; 6.639 ; 6.639 ; 6.639 ;
; X[2]       ; out_ac[4]   ; 7.933 ; 7.933 ; 7.933 ; 7.933 ;
; X[2]       ; out_ac[5]   ; 7.439 ; 7.439 ; 7.439 ; 7.439 ;
; X[2]       ; out_ac[6]   ; 8.372 ; 8.372 ; 8.372 ; 8.372 ;
; X[2]       ; out_ac[7]   ; 9.419 ; 9.419 ; 9.419 ; 9.419 ;
; X[2]       ; out_n       ; 9.639 ; 9.639 ; 9.639 ; 9.639 ;
; X[2]       ; out_z       ; 8.469 ; 8.469 ; 8.469 ; 8.469 ;
; X[3]       ; out_ac[3]   ; 6.415 ; 6.415 ; 6.415 ; 6.415 ;
; X[3]       ; out_ac[4]   ; 7.365 ; 7.365 ; 7.365 ; 7.365 ;
; X[3]       ; out_ac[5]   ; 6.873 ; 6.873 ; 6.873 ; 6.873 ;
; X[3]       ; out_ac[6]   ; 7.806 ; 7.806 ; 7.806 ; 7.806 ;
; X[3]       ; out_ac[7]   ; 8.853 ; 8.853 ; 8.853 ; 8.853 ;
; X[3]       ; out_n       ; 9.073 ; 9.073 ; 9.073 ; 9.073 ;
; X[3]       ; out_z       ; 8.370 ; 8.370 ; 8.370 ; 8.370 ;
; X[4]       ; out_ac[4]   ; 6.325 ; 6.325 ; 6.325 ; 6.325 ;
; X[4]       ; out_ac[5]   ; 5.906 ; 5.906 ; 5.906 ; 5.906 ;
; X[4]       ; out_ac[6]   ; 6.839 ; 6.839 ; 6.839 ; 6.839 ;
; X[4]       ; out_ac[7]   ; 7.886 ; 7.886 ; 7.886 ; 7.886 ;
; X[4]       ; out_n       ; 8.106 ; 8.106 ; 8.106 ; 8.106 ;
; X[4]       ; out_z       ; 8.254 ; 8.254 ; 8.254 ; 8.254 ;
; X[5]       ; out_ac[5]   ; 5.962 ; 5.962 ; 5.962 ; 5.962 ;
; X[5]       ; out_ac[6]   ; 6.538 ; 6.538 ; 6.538 ; 6.538 ;
; X[5]       ; out_ac[7]   ; 7.587 ; 7.587 ; 7.587 ; 7.587 ;
; X[5]       ; out_n       ; 7.807 ; 7.807 ; 7.807 ; 7.807 ;
; X[5]       ; out_z       ; 8.107 ; 8.107 ; 8.107 ; 8.107 ;
; X[6]       ; out_ac[6]   ; 6.942 ; 6.942 ; 6.942 ; 6.942 ;
; X[6]       ; out_ac[7]   ; 7.780 ; 7.780 ; 7.780 ; 7.780 ;
; X[6]       ; out_n       ; 8.000 ; 8.000 ; 8.000 ; 8.000 ;
; X[6]       ; out_z       ; 8.447 ; 8.447 ; 8.447 ; 8.447 ;
; X[7]       ; out_ac[7]   ; 6.004 ; 6.004 ; 6.004 ; 6.004 ;
; X[7]       ; out_n       ; 6.224 ; 6.224 ; 6.224 ; 6.224 ;
; X[7]       ; out_z       ; 6.671 ; 6.671 ; 6.671 ; 6.671 ;
; Y[0]       ; out_ac[0]   ; 6.013 ; 6.013 ; 6.013 ; 6.013 ;
; Y[0]       ; out_ac[1]   ; 7.087 ; 7.087 ; 7.087 ; 7.087 ;
; Y[0]       ; out_ac[2]   ; 6.432 ; 6.432 ; 6.432 ; 6.432 ;
; Y[0]       ; out_ac[3]   ; 6.715 ; 6.715 ; 6.715 ; 6.715 ;
; Y[0]       ; out_ac[4]   ; 7.758 ; 7.758 ; 7.758 ; 7.758 ;
; Y[0]       ; out_ac[5]   ; 7.264 ; 7.264 ; 7.264 ; 7.264 ;
; Y[0]       ; out_ac[6]   ; 8.197 ; 8.197 ; 8.197 ; 8.197 ;
; Y[0]       ; out_ac[7]   ; 9.244 ; 9.244 ; 9.244 ; 9.244 ;
; Y[0]       ; out_n       ; 9.464 ; 9.464 ; 9.464 ; 9.464 ;
; Y[0]       ; out_z       ; 7.913 ; 7.913 ; 7.913 ; 7.913 ;
; Y[1]       ; out_ac[1]   ; 6.717 ; 6.922 ; 6.922 ; 6.717 ;
; Y[1]       ; out_ac[2]   ; 6.269 ; 6.269 ; 6.269 ; 6.269 ;
; Y[1]       ; out_ac[3]   ; 6.552 ; 6.552 ; 6.552 ; 6.552 ;
; Y[1]       ; out_ac[4]   ; 7.595 ; 7.595 ; 7.595 ; 7.595 ;
; Y[1]       ; out_ac[5]   ; 7.101 ; 7.101 ; 7.101 ; 7.101 ;
; Y[1]       ; out_ac[6]   ; 8.034 ; 8.034 ; 8.034 ; 8.034 ;
; Y[1]       ; out_ac[7]   ; 9.081 ; 9.081 ; 9.081 ; 9.081 ;
; Y[1]       ; out_n       ; 9.301 ; 9.301 ; 9.301 ; 9.301 ;
; Y[1]       ; out_z       ; 8.169 ; 7.964 ; 7.964 ; 8.169 ;
; Y[2]       ; out_ac[2]   ; 6.557 ; 6.557 ; 6.557 ; 6.557 ;
; Y[2]       ; out_ac[3]   ; 6.722 ; 6.722 ; 6.722 ; 6.722 ;
; Y[2]       ; out_ac[4]   ; 7.880 ; 7.880 ; 7.880 ; 7.880 ;
; Y[2]       ; out_ac[5]   ; 7.386 ; 7.386 ; 7.386 ; 7.386 ;
; Y[2]       ; out_ac[6]   ; 8.319 ; 8.319 ; 8.319 ; 8.319 ;
; Y[2]       ; out_ac[7]   ; 9.366 ; 9.366 ; 9.366 ; 9.366 ;
; Y[2]       ; out_n       ; 9.586 ; 9.586 ; 9.586 ; 9.586 ;
; Y[2]       ; out_z       ; 8.480 ; 8.480 ; 8.480 ; 8.480 ;
; Y[3]       ; out_ac[3]   ; 6.160 ; 6.160 ; 6.160 ; 6.160 ;
; Y[3]       ; out_ac[4]   ; 7.417 ; 7.417 ; 7.417 ; 7.417 ;
; Y[3]       ; out_ac[5]   ; 6.925 ; 6.925 ; 6.925 ; 6.925 ;
; Y[3]       ; out_ac[6]   ; 7.858 ; 7.858 ; 7.858 ; 7.858 ;
; Y[3]       ; out_ac[7]   ; 8.905 ; 8.905 ; 8.905 ; 8.905 ;
; Y[3]       ; out_n       ; 9.125 ; 9.125 ; 9.125 ; 9.125 ;
; Y[3]       ; out_z       ; 8.115 ; 8.115 ; 8.115 ; 8.115 ;
; Y[4]       ; out_ac[4]   ; 6.244 ; 6.325 ; 6.325 ; 6.244 ;
; Y[4]       ; out_ac[5]   ; 5.832 ; 5.832 ; 5.832 ; 5.832 ;
; Y[4]       ; out_ac[6]   ; 6.765 ; 6.765 ; 6.765 ; 6.765 ;
; Y[4]       ; out_ac[7]   ; 7.812 ; 7.812 ; 7.812 ; 7.812 ;
; Y[4]       ; out_n       ; 8.032 ; 8.032 ; 8.032 ; 8.032 ;
; Y[4]       ; out_z       ; 8.254 ; 8.173 ; 8.173 ; 8.254 ;
; Y[5]       ; out_ac[5]   ; 6.518 ; 6.610 ; 6.610 ; 6.518 ;
; Y[5]       ; out_ac[6]   ; 7.099 ; 7.099 ; 7.099 ; 7.099 ;
; Y[5]       ; out_ac[7]   ; 8.142 ; 8.142 ; 8.142 ; 8.142 ;
; Y[5]       ; out_n       ; 8.362 ; 8.362 ; 8.362 ; 8.362 ;
; Y[5]       ; out_z       ; 8.668 ; 8.668 ; 8.668 ; 8.668 ;
; Y[6]       ; out_ac[6]   ; 6.258 ; 6.258 ; 6.258 ; 6.258 ;
; Y[6]       ; out_ac[7]   ; 7.246 ; 7.246 ; 7.246 ; 7.246 ;
; Y[6]       ; out_n       ; 7.466 ; 7.466 ; 7.466 ; 7.466 ;
; Y[6]       ; out_z       ; 7.827 ; 7.827 ; 7.827 ; 7.827 ;
; Y[7]       ; out_ac[7]   ; 6.302 ; 6.302 ; 6.302 ; 6.302 ;
; Y[7]       ; out_n       ; 6.522 ; 6.522 ; 6.522 ; 6.522 ;
; Y[7]       ; out_z       ; 6.969 ; 6.969 ; 6.969 ; 6.969 ;
; alu_add    ; out_ac[0]   ; 3.647 ; 3.647 ; 3.647 ; 3.647 ;
; alu_add    ; out_ac[1]   ; 4.305 ; 4.305 ; 4.305 ; 4.305 ;
; alu_add    ; out_ac[2]   ; 3.513 ; 3.513 ; 3.513 ; 3.513 ;
; alu_add    ; out_ac[3]   ; 3.649 ; 3.649 ; 3.649 ; 3.649 ;
; alu_add    ; out_ac[4]   ; 3.942 ; 3.942 ; 3.942 ; 3.942 ;
; alu_add    ; out_ac[5]   ; 3.516 ; 3.516 ; 3.516 ; 3.516 ;
; alu_add    ; out_ac[6]   ; 3.986 ; 3.986 ; 3.986 ; 3.986 ;
; alu_add    ; out_ac[7]   ; 3.641 ; 3.641 ; 3.641 ; 3.641 ;
; alu_add    ; out_n       ; 3.861 ; 3.861 ; 3.861 ; 3.861 ;
; alu_add    ; out_z       ; 4.308 ; 4.308 ; 4.308 ; 4.308 ;
; alu_and    ; out_ac[0]   ; 6.619 ; 6.619 ; 6.619 ; 6.619 ;
; alu_and    ; out_ac[1]   ; 7.419 ; 7.419 ; 7.419 ; 7.419 ;
; alu_and    ; out_ac[2]   ; 6.215 ; 6.215 ; 6.215 ; 6.215 ;
; alu_and    ; out_ac[3]   ; 7.109 ; 7.109 ; 7.109 ; 7.109 ;
; alu_and    ; out_ac[4]   ; 6.471 ; 6.471 ; 6.471 ; 6.471 ;
; alu_and    ; out_ac[5]   ; 6.112 ; 6.112 ; 6.112 ; 6.112 ;
; alu_and    ; out_ac[6]   ; 6.582 ; 6.582 ; 6.582 ; 6.582 ;
; alu_and    ; out_ac[7]   ; 7.014 ; 7.014 ; 7.014 ; 7.014 ;
; alu_and    ; out_n       ; 6.619 ; 6.619 ; 6.619 ; 6.619 ;
; alu_and    ; out_z       ; 7.942 ; 7.942 ; 7.942 ; 7.942 ;
; alu_not    ; out_ac[0]   ; 3.697 ; 3.697 ; 3.697 ; 3.697 ;
; alu_not    ; out_ac[1]   ; 4.497 ; 4.497 ; 4.497 ; 4.497 ;
; alu_not    ; out_ac[2]   ; 3.293 ; 3.293 ; 3.293 ; 3.293 ;
; alu_not    ; out_ac[3]   ; 4.187 ; 4.187 ; 4.187 ; 4.187 ;
; alu_not    ; out_ac[4]   ; 4.187 ; 4.187 ; 4.187 ; 4.187 ;
; alu_not    ; out_ac[5]   ; 3.296 ; 3.296 ; 3.296 ; 3.296 ;
; alu_not    ; out_ac[6]   ; 3.869 ; 3.869 ; 3.869 ; 3.869 ;
; alu_not    ; out_ac[7]   ; 4.092 ; 4.092 ; 4.092 ; 4.092 ;
; alu_not    ; out_n       ; 3.697 ; 3.697 ; 3.697 ; 3.697 ;
; alu_not    ; out_z       ; 5.711 ; 5.711 ; 5.711 ; 5.711 ;
; alu_or     ; out_ac[0]   ; 6.441 ; 6.441 ; 6.441 ; 6.441 ;
; alu_or     ; out_ac[1]   ; 7.241 ; 7.241 ; 7.241 ; 7.241 ;
; alu_or     ; out_ac[2]   ; 6.037 ; 6.037 ; 6.037 ; 6.037 ;
; alu_or     ; out_ac[3]   ; 6.931 ; 6.931 ; 6.931 ; 6.931 ;
; alu_or     ; out_ac[4]   ; 6.293 ; 6.293 ; 6.293 ; 6.293 ;
; alu_or     ; out_ac[5]   ; 5.934 ; 5.934 ; 5.934 ; 5.934 ;
; alu_or     ; out_ac[6]   ; 6.404 ; 6.404 ; 6.404 ; 6.404 ;
; alu_or     ; out_ac[7]   ; 6.836 ; 6.836 ; 6.836 ; 6.836 ;
; alu_or     ; out_n       ; 6.441 ; 6.441 ; 6.441 ; 6.441 ;
; alu_or     ; out_z       ; 7.819 ; 7.819 ; 7.819 ; 7.819 ;
; alu_passy  ; out_ac[0]   ; 5.963 ; 5.963 ; 5.963 ; 5.963 ;
; alu_passy  ; out_ac[1]   ; 6.763 ; 6.763 ; 6.763 ; 6.763 ;
; alu_passy  ; out_ac[2]   ; 5.559 ; 5.559 ; 5.559 ; 5.559 ;
; alu_passy  ; out_ac[3]   ; 6.453 ; 6.453 ; 6.453 ; 6.453 ;
; alu_passy  ; out_ac[4]   ; 6.453 ; 6.453 ; 6.453 ; 6.453 ;
; alu_passy  ; out_ac[5]   ; 5.562 ; 5.562 ; 5.562 ; 5.562 ;
; alu_passy  ; out_ac[6]   ; 6.135 ; 6.135 ; 6.135 ; 6.135 ;
; alu_passy  ; out_ac[7]   ; 6.358 ; 6.358 ; 6.358 ; 6.358 ;
; alu_passy  ; out_n       ; 5.963 ; 5.963 ; 5.963 ; 5.963 ;
; alu_passy  ; out_z       ; 8.843 ;       ;       ; 8.843 ;
+------------+-------------+-------+-------+-------+-------+


+----------------------------------------------------------------------------+
; Multicorner Timing Analysis Summary                                        ;
+------------------+-------+------+----------+---------+---------------------+
; Clock            ; Setup ; Hold ; Recovery ; Removal ; Minimum Pulse Width ;
+------------------+-------+------+----------+---------+---------------------+
; Worst-case Slack ; N/A   ; N/A  ; N/A      ; N/A     ; N/A                 ;
; Design-wide TNS  ; 0.0   ; 0.0  ; 0.0      ; 0.0     ; 0.0                 ;
+------------------+-------+------+----------+---------+---------------------+


+--------------------------------------------------------------+
; Progagation Delay                                            ;
+------------+-------------+--------+--------+--------+--------+
; Input Port ; Output Port ; RR     ; RF     ; FR     ; FF     ;
+------------+-------------+--------+--------+--------+--------+
; X[0]       ; out_ac[0]   ; 11.925 ; 11.925 ; 11.925 ; 11.925 ;
; X[0]       ; out_ac[1]   ; 13.146 ; 13.146 ; 13.146 ; 13.146 ;
; X[0]       ; out_ac[2]   ; 12.062 ; 12.062 ; 12.062 ; 12.062 ;
; X[0]       ; out_ac[3]   ; 12.689 ; 12.689 ; 12.689 ; 12.689 ;
; X[0]       ; out_ac[4]   ; 14.882 ; 14.882 ; 14.882 ; 14.882 ;
; X[0]       ; out_ac[5]   ; 13.934 ; 13.934 ; 13.934 ; 13.934 ;
; X[0]       ; out_ac[6]   ; 15.963 ; 15.963 ; 15.963 ; 15.963 ;
; X[0]       ; out_ac[7]   ; 18.330 ; 18.330 ; 18.330 ; 18.330 ;
; X[0]       ; out_n       ; 18.763 ; 18.763 ; 18.763 ; 18.763 ;
; X[0]       ; out_z       ; 19.971 ; 19.971 ; 19.971 ; 19.971 ;
; X[1]       ; out_ac[1]   ; 13.163 ; 13.163 ; 13.163 ; 13.163 ;
; X[1]       ; out_ac[2]   ; 12.083 ; 12.083 ; 12.083 ; 12.083 ;
; X[1]       ; out_ac[3]   ; 12.710 ; 12.710 ; 12.710 ; 12.710 ;
; X[1]       ; out_ac[4]   ; 14.903 ; 14.903 ; 14.903 ; 14.903 ;
; X[1]       ; out_ac[5]   ; 13.955 ; 13.955 ; 13.955 ; 13.955 ;
; X[1]       ; out_ac[6]   ; 15.984 ; 15.984 ; 15.984 ; 15.984 ;
; X[1]       ; out_ac[7]   ; 18.351 ; 18.351 ; 18.351 ; 18.351 ;
; X[1]       ; out_n       ; 18.784 ; 18.784 ; 18.784 ; 18.784 ;
; X[1]       ; out_z       ; 19.992 ; 19.992 ; 19.992 ; 19.992 ;
; X[2]       ; out_ac[2]   ; 12.125 ; 12.125 ; 12.125 ; 12.125 ;
; X[2]       ; out_ac[3]   ; 12.176 ; 12.176 ; 12.176 ; 12.176 ;
; X[2]       ; out_ac[4]   ; 14.954 ; 14.954 ; 14.954 ; 14.954 ;
; X[2]       ; out_ac[5]   ; 14.006 ; 14.006 ; 14.006 ; 14.006 ;
; X[2]       ; out_ac[6]   ; 16.035 ; 16.035 ; 16.035 ; 16.035 ;
; X[2]       ; out_ac[7]   ; 18.402 ; 18.402 ; 18.402 ; 18.402 ;
; X[2]       ; out_n       ; 18.835 ; 18.835 ; 18.835 ; 18.835 ;
; X[2]       ; out_z       ; 20.043 ; 20.043 ; 20.043 ; 20.043 ;
; X[3]       ; out_ac[3]   ; 12.114 ; 12.114 ; 12.114 ; 12.114 ;
; X[3]       ; out_ac[4]   ; 14.952 ; 14.952 ; 14.952 ; 14.952 ;
; X[3]       ; out_ac[5]   ; 14.004 ; 14.004 ; 14.004 ; 14.004 ;
; X[3]       ; out_ac[6]   ; 16.033 ; 16.033 ; 16.033 ; 16.033 ;
; X[3]       ; out_ac[7]   ; 18.400 ; 18.400 ; 18.400 ; 18.400 ;
; X[3]       ; out_n       ; 18.833 ; 18.833 ; 18.833 ; 18.833 ;
; X[3]       ; out_z       ; 20.041 ; 20.041 ; 20.041 ; 20.041 ;
; X[4]       ; out_ac[4]   ; 11.718 ; 11.718 ; 11.718 ; 11.718 ;
; X[4]       ; out_ac[5]   ; 10.766 ; 10.766 ; 10.766 ; 10.766 ;
; X[4]       ; out_ac[6]   ; 12.795 ; 12.795 ; 12.795 ; 12.795 ;
; X[4]       ; out_ac[7]   ; 15.162 ; 15.162 ; 15.162 ; 15.162 ;
; X[4]       ; out_n       ; 15.595 ; 15.595 ; 15.595 ; 15.595 ;
; X[4]       ; out_z       ; 16.803 ; 16.803 ; 16.803 ; 16.803 ;
; X[5]       ; out_ac[5]   ; 11.125 ; 11.125 ; 11.125 ; 11.125 ;
; X[5]       ; out_ac[6]   ; 12.123 ; 12.123 ; 12.123 ; 12.123 ;
; X[5]       ; out_ac[7]   ; 14.493 ; 14.493 ; 14.493 ; 14.493 ;
; X[5]       ; out_n       ; 14.926 ; 14.926 ; 14.926 ; 14.926 ;
; X[5]       ; out_z       ; 17.162 ; 17.162 ; 17.162 ; 17.162 ;
; X[6]       ; out_ac[6]   ; 13.008 ; 13.008 ; 13.008 ; 13.008 ;
; X[6]       ; out_ac[7]   ; 14.717 ; 14.717 ; 14.717 ; 14.717 ;
; X[6]       ; out_n       ; 15.150 ; 15.150 ; 15.150 ; 15.150 ;
; X[6]       ; out_z       ; 16.330 ; 16.330 ; 16.330 ; 16.330 ;
; X[7]       ; out_ac[7]   ; 11.290 ; 11.290 ; 11.290 ; 11.290 ;
; X[7]       ; out_n       ; 11.723 ; 11.723 ; 11.723 ; 11.723 ;
; X[7]       ; out_z       ; 12.741 ; 12.741 ; 12.741 ; 12.741 ;
; Y[0]       ; out_ac[0]   ; 11.718 ; 10.835 ; 10.835 ; 11.718 ;
; Y[0]       ; out_ac[1]   ; 12.931 ; 12.931 ; 12.931 ; 12.931 ;
; Y[0]       ; out_ac[2]   ; 11.846 ; 11.846 ; 11.846 ; 11.846 ;
; Y[0]       ; out_ac[3]   ; 12.473 ; 12.473 ; 12.473 ; 12.473 ;
; Y[0]       ; out_ac[4]   ; 14.666 ; 14.666 ; 14.666 ; 14.666 ;
; Y[0]       ; out_ac[5]   ; 13.718 ; 13.718 ; 13.718 ; 13.718 ;
; Y[0]       ; out_ac[6]   ; 15.747 ; 15.747 ; 15.747 ; 15.747 ;
; Y[0]       ; out_ac[7]   ; 18.114 ; 18.114 ; 18.114 ; 18.114 ;
; Y[0]       ; out_n       ; 18.547 ; 18.547 ; 18.547 ; 18.547 ;
; Y[0]       ; out_z       ; 19.755 ; 19.755 ; 19.755 ; 19.755 ;
; Y[1]       ; out_ac[1]   ; 12.745 ; 12.745 ; 12.745 ; 12.745 ;
; Y[1]       ; out_ac[2]   ; 11.660 ; 11.660 ; 11.660 ; 11.660 ;
; Y[1]       ; out_ac[3]   ; 12.287 ; 12.287 ; 12.287 ; 12.287 ;
; Y[1]       ; out_ac[4]   ; 14.480 ; 14.480 ; 14.480 ; 14.480 ;
; Y[1]       ; out_ac[5]   ; 13.532 ; 13.532 ; 13.532 ; 13.532 ;
; Y[1]       ; out_ac[6]   ; 15.561 ; 15.561 ; 15.561 ; 15.561 ;
; Y[1]       ; out_ac[7]   ; 17.928 ; 17.928 ; 17.928 ; 17.928 ;
; Y[1]       ; out_n       ; 18.361 ; 18.361 ; 18.361 ; 18.361 ;
; Y[1]       ; out_z       ; 19.569 ; 19.569 ; 19.569 ; 19.569 ;
; Y[2]       ; out_ac[2]   ; 12.231 ; 12.053 ; 12.053 ; 12.231 ;
; Y[2]       ; out_ac[3]   ; 12.405 ; 12.405 ; 12.405 ; 12.405 ;
; Y[2]       ; out_ac[4]   ; 14.870 ; 14.870 ; 14.870 ; 14.870 ;
; Y[2]       ; out_ac[5]   ; 13.922 ; 13.922 ; 13.922 ; 13.922 ;
; Y[2]       ; out_ac[6]   ; 15.951 ; 15.951 ; 15.951 ; 15.951 ;
; Y[2]       ; out_ac[7]   ; 18.318 ; 18.318 ; 18.318 ; 18.318 ;
; Y[2]       ; out_n       ; 18.751 ; 18.751 ; 18.751 ; 18.751 ;
; Y[2]       ; out_z       ; 19.959 ; 19.959 ; 19.959 ; 19.959 ;
; Y[3]       ; out_ac[3]   ; 11.900 ; 11.229 ; 11.229 ; 11.900 ;
; Y[3]       ; out_ac[4]   ; 15.030 ; 15.030 ; 15.030 ; 15.030 ;
; Y[3]       ; out_ac[5]   ; 14.082 ; 14.082 ; 14.082 ; 14.082 ;
; Y[3]       ; out_ac[6]   ; 16.111 ; 16.111 ; 16.111 ; 16.111 ;
; Y[3]       ; out_ac[7]   ; 18.478 ; 18.478 ; 18.478 ; 18.478 ;
; Y[3]       ; out_n       ; 18.911 ; 18.911 ; 18.911 ; 18.911 ;
; Y[3]       ; out_z       ; 20.119 ; 20.119 ; 20.119 ; 20.119 ;
; Y[4]       ; out_ac[4]   ; 11.649 ; 11.649 ; 11.649 ; 11.649 ;
; Y[4]       ; out_ac[5]   ; 10.699 ; 10.699 ; 10.699 ; 10.699 ;
; Y[4]       ; out_ac[6]   ; 12.728 ; 12.728 ; 12.728 ; 12.728 ;
; Y[4]       ; out_ac[7]   ; 15.095 ; 15.095 ; 15.095 ; 15.095 ;
; Y[4]       ; out_n       ; 15.528 ; 15.528 ; 15.528 ; 15.528 ;
; Y[4]       ; out_z       ; 16.736 ; 16.736 ; 16.736 ; 16.736 ;
; Y[5]       ; out_ac[5]   ; 12.232 ; 12.232 ; 12.232 ; 12.232 ;
; Y[5]       ; out_ac[6]   ; 13.237 ; 13.237 ; 13.237 ; 13.237 ;
; Y[5]       ; out_ac[7]   ; 15.599 ; 15.599 ; 15.599 ; 15.599 ;
; Y[5]       ; out_n       ; 16.032 ; 16.032 ; 16.032 ; 16.032 ;
; Y[5]       ; out_z       ; 18.269 ; 18.269 ; 18.269 ; 18.269 ;
; Y[6]       ; out_ac[6]   ; 11.680 ; 11.555 ; 11.555 ; 11.680 ;
; Y[6]       ; out_ac[7]   ; 13.703 ; 13.703 ; 13.703 ; 13.703 ;
; Y[6]       ; out_n       ; 14.136 ; 14.136 ; 14.136 ; 14.136 ;
; Y[6]       ; out_z       ; 15.154 ; 15.154 ; 15.154 ; 15.154 ;
; Y[7]       ; out_ac[7]   ; 11.897 ; 11.897 ; 11.897 ; 11.897 ;
; Y[7]       ; out_n       ; 12.330 ; 12.330 ; 12.330 ; 12.330 ;
; Y[7]       ; out_z       ; 13.348 ; 13.348 ; 13.348 ; 13.348 ;
; alu_add    ; out_ac[0]   ; 7.644  ; 7.644  ; 7.644  ; 7.644  ;
; alu_add    ; out_ac[1]   ; 9.453  ; 9.453  ; 9.453  ; 9.453  ;
; alu_add    ; out_ac[2]   ; 7.690  ; 6.942  ; 6.942  ; 7.690  ;
; alu_add    ; out_ac[3]   ; 8.768  ; 8.768  ; 8.768  ; 8.768  ;
; alu_add    ; out_ac[4]   ; 8.768  ; 8.768  ; 8.768  ; 8.768  ;
; alu_add    ; out_ac[5]   ; 6.826  ; 6.826  ; 6.826  ; 6.826  ;
; alu_add    ; out_ac[6]   ; 8.056  ; 8.056  ; 8.056  ; 8.056  ;
; alu_add    ; out_ac[7]   ; 8.538  ; 8.538  ; 8.538  ; 8.538  ;
; alu_add    ; out_n       ; 7.644  ; 7.644  ; 7.644  ; 7.644  ;
; alu_add    ; out_z       ; 14.004 ; 12.834 ; 12.834 ; 14.004 ;
; alu_and    ; out_ac[0]   ; 13.623 ; 13.623 ; 13.623 ; 13.623 ;
; alu_and    ; out_ac[1]   ; 14.552 ; 14.552 ; 14.552 ; 14.552 ;
; alu_and    ; out_ac[2]   ; 13.524 ; 13.524 ; 13.524 ; 13.524 ;
; alu_and    ; out_ac[3]   ; 13.678 ; 13.678 ; 13.678 ; 13.678 ;
; alu_and    ; out_ac[4]   ; 13.460 ; 13.460 ; 13.460 ; 13.460 ;
; alu_and    ; out_ac[5]   ; 11.518 ; 11.518 ; 11.518 ; 11.518 ;
; alu_and    ; out_ac[6]   ; 12.748 ; 12.748 ; 12.748 ; 12.748 ;
; alu_and    ; out_ac[7]   ; 13.778 ; 13.778 ; 13.778 ; 13.778 ;
; alu_and    ; out_n       ; 14.211 ; 14.211 ; 14.211 ; 14.211 ;
; alu_and    ; out_z       ; 18.696 ; 17.945 ; 17.945 ; 18.696 ;
; alu_not    ; out_ac[0]   ; 10.057 ; 10.057 ; 10.057 ; 10.057 ;
; alu_not    ; out_ac[1]   ; 10.986 ; 10.986 ; 10.986 ; 10.986 ;
; alu_not    ; out_ac[2]   ; 9.958  ; 9.958  ; 9.958  ; 9.958  ;
; alu_not    ; out_ac[3]   ; 10.112 ; 10.112 ; 10.112 ; 10.112 ;
; alu_not    ; out_ac[4]   ; 8.603  ; 8.603  ; 8.603  ; 8.603  ;
; alu_not    ; out_ac[5]   ; 7.938  ; 7.938  ; 7.938  ; 7.938  ;
; alu_not    ; out_ac[6]   ; 8.929  ; 8.929  ; 8.929  ; 8.929  ;
; alu_not    ; out_ac[7]   ; 10.117 ; 10.117 ; 10.117 ; 10.117 ;
; alu_not    ; out_n       ; 10.550 ; 10.550 ; 10.550 ; 10.550 ;
; alu_not    ; out_z       ; 14.379 ; 14.379 ; 14.379 ; 14.379 ;
; alu_or     ; out_ac[0]   ; 13.598 ; 13.598 ; 13.598 ; 13.598 ;
; alu_or     ; out_ac[1]   ; 14.527 ; 14.527 ; 14.527 ; 14.527 ;
; alu_or     ; out_ac[2]   ; 13.499 ; 13.499 ; 13.499 ; 13.499 ;
; alu_or     ; out_ac[3]   ; 13.653 ; 13.653 ; 13.653 ; 13.653 ;
; alu_or     ; out_ac[4]   ; 13.135 ; 13.135 ; 13.135 ; 13.135 ;
; alu_or     ; out_ac[5]   ; 11.479 ; 11.479 ; 11.479 ; 11.479 ;
; alu_or     ; out_ac[6]   ; 12.470 ; 12.470 ; 12.470 ; 12.470 ;
; alu_or     ; out_ac[7]   ; 13.658 ; 13.658 ; 13.658 ; 13.658 ;
; alu_or     ; out_n       ; 14.091 ; 14.091 ; 14.091 ; 14.091 ;
; alu_or     ; out_z       ; 18.371 ; 17.920 ; 17.920 ; 18.371 ;
; alu_passy  ; out_ac[0]   ; 10.770 ; 10.770 ; 10.770 ; 10.770 ;
; alu_passy  ; out_ac[1]   ; 12.579 ; 12.579 ; 12.579 ; 12.579 ;
; alu_passy  ; out_ac[2]   ; 10.068 ; 10.068 ; 10.068 ; 10.068 ;
; alu_passy  ; out_ac[3]   ; 11.894 ; 11.894 ; 11.894 ; 11.894 ;
; alu_passy  ; out_ac[4]   ; 11.894 ; 11.894 ; 11.894 ; 11.894 ;
; alu_passy  ; out_ac[5]   ; 9.952  ; 9.952  ; 9.952  ; 9.952  ;
; alu_passy  ; out_ac[6]   ; 11.182 ; 11.182 ; 11.182 ; 11.182 ;
; alu_passy  ; out_ac[7]   ; 11.664 ; 11.664 ; 11.664 ; 11.664 ;
; alu_passy  ; out_n       ; 10.770 ; 10.770 ; 10.770 ; 10.770 ;
; alu_passy  ; out_z       ; 17.130 ;        ;        ; 17.130 ;
+------------+-------------+--------+--------+--------+--------+


+----------------------------------------------------------+
; Minimum Progagation Delay                                ;
+------------+-------------+-------+-------+-------+-------+
; Input Port ; Output Port ; RR    ; RF    ; FR    ; FF    ;
+------------+-------------+-------+-------+-------+-------+
; X[0]       ; out_ac[0]   ; 6.133 ; 6.133 ; 6.133 ; 6.133 ;
; X[0]       ; out_ac[1]   ; 7.215 ; 7.215 ; 7.215 ; 7.215 ;
; X[0]       ; out_ac[2]   ; 6.562 ; 6.562 ; 6.562 ; 6.562 ;
; X[0]       ; out_ac[3]   ; 6.845 ; 6.845 ; 6.845 ; 6.845 ;
; X[0]       ; out_ac[4]   ; 7.888 ; 7.888 ; 7.888 ; 7.888 ;
; X[0]       ; out_ac[5]   ; 7.394 ; 7.394 ; 7.394 ; 7.394 ;
; X[0]       ; out_ac[6]   ; 8.327 ; 8.327 ; 8.327 ; 8.327 ;
; X[0]       ; out_ac[7]   ; 9.374 ; 9.374 ; 9.374 ; 9.374 ;
; X[0]       ; out_n       ; 9.594 ; 9.594 ; 9.594 ; 9.594 ;
; X[0]       ; out_z       ; 8.033 ; 8.033 ; 8.033 ; 8.033 ;
; X[1]       ; out_ac[1]   ; 7.122 ; 7.122 ; 7.122 ; 7.122 ;
; X[1]       ; out_ac[2]   ; 6.548 ; 6.548 ; 6.548 ; 6.548 ;
; X[1]       ; out_ac[3]   ; 6.831 ; 6.831 ; 6.831 ; 6.831 ;
; X[1]       ; out_ac[4]   ; 7.874 ; 7.874 ; 7.874 ; 7.874 ;
; X[1]       ; out_ac[5]   ; 7.380 ; 7.380 ; 7.380 ; 7.380 ;
; X[1]       ; out_ac[6]   ; 8.313 ; 8.313 ; 8.313 ; 8.313 ;
; X[1]       ; out_ac[7]   ; 9.360 ; 9.360 ; 9.360 ; 9.360 ;
; X[1]       ; out_n       ; 9.580 ; 9.580 ; 9.580 ; 9.580 ;
; X[1]       ; out_z       ; 8.369 ; 8.369 ; 8.369 ; 8.369 ;
; X[2]       ; out_ac[2]   ; 6.546 ; 6.546 ; 6.546 ; 6.546 ;
; X[2]       ; out_ac[3]   ; 6.639 ; 6.639 ; 6.639 ; 6.639 ;
; X[2]       ; out_ac[4]   ; 7.933 ; 7.933 ; 7.933 ; 7.933 ;
; X[2]       ; out_ac[5]   ; 7.439 ; 7.439 ; 7.439 ; 7.439 ;
; X[2]       ; out_ac[6]   ; 8.372 ; 8.372 ; 8.372 ; 8.372 ;
; X[2]       ; out_ac[7]   ; 9.419 ; 9.419 ; 9.419 ; 9.419 ;
; X[2]       ; out_n       ; 9.639 ; 9.639 ; 9.639 ; 9.639 ;
; X[2]       ; out_z       ; 8.469 ; 8.469 ; 8.469 ; 8.469 ;
; X[3]       ; out_ac[3]   ; 6.415 ; 6.415 ; 6.415 ; 6.415 ;
; X[3]       ; out_ac[4]   ; 7.365 ; 7.365 ; 7.365 ; 7.365 ;
; X[3]       ; out_ac[5]   ; 6.873 ; 6.873 ; 6.873 ; 6.873 ;
; X[3]       ; out_ac[6]   ; 7.806 ; 7.806 ; 7.806 ; 7.806 ;
; X[3]       ; out_ac[7]   ; 8.853 ; 8.853 ; 8.853 ; 8.853 ;
; X[3]       ; out_n       ; 9.073 ; 9.073 ; 9.073 ; 9.073 ;
; X[3]       ; out_z       ; 8.370 ; 8.370 ; 8.370 ; 8.370 ;
; X[4]       ; out_ac[4]   ; 6.325 ; 6.325 ; 6.325 ; 6.325 ;
; X[4]       ; out_ac[5]   ; 5.906 ; 5.906 ; 5.906 ; 5.906 ;
; X[4]       ; out_ac[6]   ; 6.839 ; 6.839 ; 6.839 ; 6.839 ;
; X[4]       ; out_ac[7]   ; 7.886 ; 7.886 ; 7.886 ; 7.886 ;
; X[4]       ; out_n       ; 8.106 ; 8.106 ; 8.106 ; 8.106 ;
; X[4]       ; out_z       ; 8.254 ; 8.254 ; 8.254 ; 8.254 ;
; X[5]       ; out_ac[5]   ; 5.962 ; 5.962 ; 5.962 ; 5.962 ;
; X[5]       ; out_ac[6]   ; 6.538 ; 6.538 ; 6.538 ; 6.538 ;
; X[5]       ; out_ac[7]   ; 7.587 ; 7.587 ; 7.587 ; 7.587 ;
; X[5]       ; out_n       ; 7.807 ; 7.807 ; 7.807 ; 7.807 ;
; X[5]       ; out_z       ; 8.107 ; 8.107 ; 8.107 ; 8.107 ;
; X[6]       ; out_ac[6]   ; 6.942 ; 6.942 ; 6.942 ; 6.942 ;
; X[6]       ; out_ac[7]   ; 7.780 ; 7.780 ; 7.780 ; 7.780 ;
; X[6]       ; out_n       ; 8.000 ; 8.000 ; 8.000 ; 8.000 ;
; X[6]       ; out_z       ; 8.447 ; 8.447 ; 8.447 ; 8.447 ;
; X[7]       ; out_ac[7]   ; 6.004 ; 6.004 ; 6.004 ; 6.004 ;
; X[7]       ; out_n       ; 6.224 ; 6.224 ; 6.224 ; 6.224 ;
; X[7]       ; out_z       ; 6.671 ; 6.671 ; 6.671 ; 6.671 ;
; Y[0]       ; out_ac[0]   ; 6.013 ; 6.013 ; 6.013 ; 6.013 ;
; Y[0]       ; out_ac[1]   ; 7.087 ; 7.087 ; 7.087 ; 7.087 ;
; Y[0]       ; out_ac[2]   ; 6.432 ; 6.432 ; 6.432 ; 6.432 ;
; Y[0]       ; out_ac[3]   ; 6.715 ; 6.715 ; 6.715 ; 6.715 ;
; Y[0]       ; out_ac[4]   ; 7.758 ; 7.758 ; 7.758 ; 7.758 ;
; Y[0]       ; out_ac[5]   ; 7.264 ; 7.264 ; 7.264 ; 7.264 ;
; Y[0]       ; out_ac[6]   ; 8.197 ; 8.197 ; 8.197 ; 8.197 ;
; Y[0]       ; out_ac[7]   ; 9.244 ; 9.244 ; 9.244 ; 9.244 ;
; Y[0]       ; out_n       ; 9.464 ; 9.464 ; 9.464 ; 9.464 ;
; Y[0]       ; out_z       ; 7.913 ; 7.913 ; 7.913 ; 7.913 ;
; Y[1]       ; out_ac[1]   ; 6.717 ; 6.922 ; 6.922 ; 6.717 ;
; Y[1]       ; out_ac[2]   ; 6.269 ; 6.269 ; 6.269 ; 6.269 ;
; Y[1]       ; out_ac[3]   ; 6.552 ; 6.552 ; 6.552 ; 6.552 ;
; Y[1]       ; out_ac[4]   ; 7.595 ; 7.595 ; 7.595 ; 7.595 ;
; Y[1]       ; out_ac[5]   ; 7.101 ; 7.101 ; 7.101 ; 7.101 ;
; Y[1]       ; out_ac[6]   ; 8.034 ; 8.034 ; 8.034 ; 8.034 ;
; Y[1]       ; out_ac[7]   ; 9.081 ; 9.081 ; 9.081 ; 9.081 ;
; Y[1]       ; out_n       ; 9.301 ; 9.301 ; 9.301 ; 9.301 ;
; Y[1]       ; out_z       ; 8.169 ; 7.964 ; 7.964 ; 8.169 ;
; Y[2]       ; out_ac[2]   ; 6.557 ; 6.557 ; 6.557 ; 6.557 ;
; Y[2]       ; out_ac[3]   ; 6.722 ; 6.722 ; 6.722 ; 6.722 ;
; Y[2]       ; out_ac[4]   ; 7.880 ; 7.880 ; 7.880 ; 7.880 ;
; Y[2]       ; out_ac[5]   ; 7.386 ; 7.386 ; 7.386 ; 7.386 ;
; Y[2]       ; out_ac[6]   ; 8.319 ; 8.319 ; 8.319 ; 8.319 ;
; Y[2]       ; out_ac[7]   ; 9.366 ; 9.366 ; 9.366 ; 9.366 ;
; Y[2]       ; out_n       ; 9.586 ; 9.586 ; 9.586 ; 9.586 ;
; Y[2]       ; out_z       ; 8.480 ; 8.480 ; 8.480 ; 8.480 ;
; Y[3]       ; out_ac[3]   ; 6.160 ; 6.160 ; 6.160 ; 6.160 ;
; Y[3]       ; out_ac[4]   ; 7.417 ; 7.417 ; 7.417 ; 7.417 ;
; Y[3]       ; out_ac[5]   ; 6.925 ; 6.925 ; 6.925 ; 6.925 ;
; Y[3]       ; out_ac[6]   ; 7.858 ; 7.858 ; 7.858 ; 7.858 ;
; Y[3]       ; out_ac[7]   ; 8.905 ; 8.905 ; 8.905 ; 8.905 ;
; Y[3]       ; out_n       ; 9.125 ; 9.125 ; 9.125 ; 9.125 ;
; Y[3]       ; out_z       ; 8.115 ; 8.115 ; 8.115 ; 8.115 ;
; Y[4]       ; out_ac[4]   ; 6.244 ; 6.325 ; 6.325 ; 6.244 ;
; Y[4]       ; out_ac[5]   ; 5.832 ; 5.832 ; 5.832 ; 5.832 ;
; Y[4]       ; out_ac[6]   ; 6.765 ; 6.765 ; 6.765 ; 6.765 ;
; Y[4]       ; out_ac[7]   ; 7.812 ; 7.812 ; 7.812 ; 7.812 ;
; Y[4]       ; out_n       ; 8.032 ; 8.032 ; 8.032 ; 8.032 ;
; Y[4]       ; out_z       ; 8.254 ; 8.173 ; 8.173 ; 8.254 ;
; Y[5]       ; out_ac[5]   ; 6.518 ; 6.610 ; 6.610 ; 6.518 ;
; Y[5]       ; out_ac[6]   ; 7.099 ; 7.099 ; 7.099 ; 7.099 ;
; Y[5]       ; out_ac[7]   ; 8.142 ; 8.142 ; 8.142 ; 8.142 ;
; Y[5]       ; out_n       ; 8.362 ; 8.362 ; 8.362 ; 8.362 ;
; Y[5]       ; out_z       ; 8.668 ; 8.668 ; 8.668 ; 8.668 ;
; Y[6]       ; out_ac[6]   ; 6.258 ; 6.258 ; 6.258 ; 6.258 ;
; Y[6]       ; out_ac[7]   ; 7.246 ; 7.246 ; 7.246 ; 7.246 ;
; Y[6]       ; out_n       ; 7.466 ; 7.466 ; 7.466 ; 7.466 ;
; Y[6]       ; out_z       ; 7.827 ; 7.827 ; 7.827 ; 7.827 ;
; Y[7]       ; out_ac[7]   ; 6.302 ; 6.302 ; 6.302 ; 6.302 ;
; Y[7]       ; out_n       ; 6.522 ; 6.522 ; 6.522 ; 6.522 ;
; Y[7]       ; out_z       ; 6.969 ; 6.969 ; 6.969 ; 6.969 ;
; alu_add    ; out_ac[0]   ; 3.647 ; 3.647 ; 3.647 ; 3.647 ;
; alu_add    ; out_ac[1]   ; 4.305 ; 4.305 ; 4.305 ; 4.305 ;
; alu_add    ; out_ac[2]   ; 3.513 ; 3.513 ; 3.513 ; 3.513 ;
; alu_add    ; out_ac[3]   ; 3.649 ; 3.649 ; 3.649 ; 3.649 ;
; alu_add    ; out_ac[4]   ; 3.942 ; 3.942 ; 3.942 ; 3.942 ;
; alu_add    ; out_ac[5]   ; 3.516 ; 3.516 ; 3.516 ; 3.516 ;
; alu_add    ; out_ac[6]   ; 3.986 ; 3.986 ; 3.986 ; 3.986 ;
; alu_add    ; out_ac[7]   ; 3.641 ; 3.641 ; 3.641 ; 3.641 ;
; alu_add    ; out_n       ; 3.861 ; 3.861 ; 3.861 ; 3.861 ;
; alu_add    ; out_z       ; 4.308 ; 4.308 ; 4.308 ; 4.308 ;
; alu_and    ; out_ac[0]   ; 6.619 ; 6.619 ; 6.619 ; 6.619 ;
; alu_and    ; out_ac[1]   ; 7.419 ; 7.419 ; 7.419 ; 7.419 ;
; alu_and    ; out_ac[2]   ; 6.215 ; 6.215 ; 6.215 ; 6.215 ;
; alu_and    ; out_ac[3]   ; 7.109 ; 7.109 ; 7.109 ; 7.109 ;
; alu_and    ; out_ac[4]   ; 6.471 ; 6.471 ; 6.471 ; 6.471 ;
; alu_and    ; out_ac[5]   ; 6.112 ; 6.112 ; 6.112 ; 6.112 ;
; alu_and    ; out_ac[6]   ; 6.582 ; 6.582 ; 6.582 ; 6.582 ;
; alu_and    ; out_ac[7]   ; 7.014 ; 7.014 ; 7.014 ; 7.014 ;
; alu_and    ; out_n       ; 6.619 ; 6.619 ; 6.619 ; 6.619 ;
; alu_and    ; out_z       ; 7.942 ; 7.942 ; 7.942 ; 7.942 ;
; alu_not    ; out_ac[0]   ; 3.697 ; 3.697 ; 3.697 ; 3.697 ;
; alu_not    ; out_ac[1]   ; 4.497 ; 4.497 ; 4.497 ; 4.497 ;
; alu_not    ; out_ac[2]   ; 3.293 ; 3.293 ; 3.293 ; 3.293 ;
; alu_not    ; out_ac[3]   ; 4.187 ; 4.187 ; 4.187 ; 4.187 ;
; alu_not    ; out_ac[4]   ; 4.187 ; 4.187 ; 4.187 ; 4.187 ;
; alu_not    ; out_ac[5]   ; 3.296 ; 3.296 ; 3.296 ; 3.296 ;
; alu_not    ; out_ac[6]   ; 3.869 ; 3.869 ; 3.869 ; 3.869 ;
; alu_not    ; out_ac[7]   ; 4.092 ; 4.092 ; 4.092 ; 4.092 ;
; alu_not    ; out_n       ; 3.697 ; 3.697 ; 3.697 ; 3.697 ;
; alu_not    ; out_z       ; 5.711 ; 5.711 ; 5.711 ; 5.711 ;
; alu_or     ; out_ac[0]   ; 6.441 ; 6.441 ; 6.441 ; 6.441 ;
; alu_or     ; out_ac[1]   ; 7.241 ; 7.241 ; 7.241 ; 7.241 ;
; alu_or     ; out_ac[2]   ; 6.037 ; 6.037 ; 6.037 ; 6.037 ;
; alu_or     ; out_ac[3]   ; 6.931 ; 6.931 ; 6.931 ; 6.931 ;
; alu_or     ; out_ac[4]   ; 6.293 ; 6.293 ; 6.293 ; 6.293 ;
; alu_or     ; out_ac[5]   ; 5.934 ; 5.934 ; 5.934 ; 5.934 ;
; alu_or     ; out_ac[6]   ; 6.404 ; 6.404 ; 6.404 ; 6.404 ;
; alu_or     ; out_ac[7]   ; 6.836 ; 6.836 ; 6.836 ; 6.836 ;
; alu_or     ; out_n       ; 6.441 ; 6.441 ; 6.441 ; 6.441 ;
; alu_or     ; out_z       ; 7.819 ; 7.819 ; 7.819 ; 7.819 ;
; alu_passy  ; out_ac[0]   ; 5.963 ; 5.963 ; 5.963 ; 5.963 ;
; alu_passy  ; out_ac[1]   ; 6.763 ; 6.763 ; 6.763 ; 6.763 ;
; alu_passy  ; out_ac[2]   ; 5.559 ; 5.559 ; 5.559 ; 5.559 ;
; alu_passy  ; out_ac[3]   ; 6.453 ; 6.453 ; 6.453 ; 6.453 ;
; alu_passy  ; out_ac[4]   ; 6.453 ; 6.453 ; 6.453 ; 6.453 ;
; alu_passy  ; out_ac[5]   ; 5.562 ; 5.562 ; 5.562 ; 5.562 ;
; alu_passy  ; out_ac[6]   ; 6.135 ; 6.135 ; 6.135 ; 6.135 ;
; alu_passy  ; out_ac[7]   ; 6.358 ; 6.358 ; 6.358 ; 6.358 ;
; alu_passy  ; out_n       ; 5.963 ; 5.963 ; 5.963 ; 5.963 ;
; alu_passy  ; out_z       ; 8.843 ;       ;       ; 8.843 ;
+------------+-------------+-------+-------+-------+-------+


-------------------
; Clock Transfers ;
-------------------
Nothing to report.


---------------
; Report TCCS ;
---------------
No dedicated SERDES Transmitter circuitry present in device or used in design


---------------
; Report RSKM ;
---------------
No dedicated SERDES Receiver circuitry present in device or used in design


+------------------------------------------------+
; Unconstrained Paths                            ;
+---------------------------------+-------+------+
; Property                        ; Setup ; Hold ;
+---------------------------------+-------+------+
; Illegal Clocks                  ; 0     ; 0    ;
; Unconstrained Clocks            ; 0     ; 0    ;
; Unconstrained Input Ports       ; 21    ; 21   ;
; Unconstrained Input Port Paths  ; 154   ; 154  ;
; Unconstrained Output Ports      ; 10    ; 10   ;
; Unconstrained Output Port Paths ; 154   ; 154  ;
+---------------------------------+-------+------+


+------------------------------------+
; TimeQuest Timing Analyzer Messages ;
+------------------------------------+
Info: *******************************************************************
Info: Running Quartus II 64-Bit TimeQuest Timing Analyzer
    Info: Version 13.0.0 Build 156 04/24/2013 SJ Web Edition
    Info: Processing started: Sun Jun 16 21:30:13 2019
Info: Command: quartus_sta NeanderProcessor -c NeanderProcessor
Info: qsta_default_script.tcl version: #1
Warning (20028): Parallel compilation is not licensed and has been disabled
Info (21077): Low junction temperature is 0 degrees C
Info (21077): High junction temperature is 85 degrees C
Critical Warning (332012): Synopsys Design Constraints File file not found: 'NeanderProcessor.sdc'. A Synopsys Design Constraints File is required by the TimeQuest Timing Analyzer to get proper timing constraints. Without it, the Compiler will not properly optimize the design.
Info (332142): No user constrained base clocks found in the design. Calling "derive_clocks -period 1.0"
Info (332096): The command derive_clocks did not find any clocks to derive.  No clocks were created or changed.
Warning (332068): No clocks defined in design.
Info: Found TIMEQUEST_REPORT_SCRIPT_INCLUDE_DEFAULT_ANALYSIS = ON
Info (332159): No clocks to report
Info: Analyzing Slow Model
Info (332140): No fmax paths to report
Info (332140): No Setup paths to report
Info (332140): No Hold paths to report
Info (332140): No Recovery paths to report
Info (332140): No Removal paths to report
Info (332140): No Minimum Pulse Width paths to report
Info (332001): The selected device family is not supported by the report_metastability command.
Info: Analyzing Fast Model
Info (332142): No user constrained base clocks found in the design. Calling "derive_clocks -period 1.0"
Info (332096): The command derive_clocks did not find any clocks to derive.  No clocks were created or changed.
Warning (332068): No clocks defined in design.
Info (332140): No Setup paths to report
Info (332140): No Hold paths to report
Info (332140): No Recovery paths to report
Info (332140): No Removal paths to report
Info (332140): No Minimum Pulse Width paths to report
Info (332001): The selected device family is not supported by the report_metastability command.
Info (332102): Design is not fully constrained for setup requirements
Info (332102): Design is not fully constrained for hold requirements
Info: Quartus II 64-Bit TimeQuest Timing Analyzer was successful. 0 errors, 4 warnings
    Info: Peak virtual memory: 514 megabytes
    Info: Processing ended: Sun Jun 16 21:30:15 2019
    Info: Elapsed time: 00:00:02
    Info: Total CPU time (on all processors): 00:00:01


