Flow report for NeanderProcessor
Mon Jun 10 18:53:48 2019
Quartus II 64-Bit Version 13.0.0 Build 156 04/24/2013 SJ Web Edition


---------------------
; Table of Contents ;
---------------------
  1. Legal Notice
  2. Flow Summary
  3. Flow Settings
  4. Flow Non-Default Global Settings
  5. Flow Elapsed Time
  6. Flow OS Summary
  7. Flow Log
  8. Flow Messages
  9. Flow Suppressed Messages



----------------
; Legal Notice ;
----------------
Copyright (C) 1991-2013 Altera Corporation
Your use of Altera Corporation's design tools, logic functions 
and other software and tools, and its AMPP partner logic 
functions, and any output files from any of the foregoing 
(including device programming or simulation files), and any 
associated documentation or information are expressly subject 
to the terms and conditions of the Altera Program License 
Subscription Agreement, Altera MegaCore Function License 
Agreement, or other applicable license agreement, including, 
without limitation, that your use is for the sole purpose of 
programming logic devices manufactured by Altera and sold by 
Altera or its authorized distributors.  Please refer to the 
applicable agreement for further details.



+---------------------------------------------------------------------------------+
; Flow Summary                                                                    ;
+------------------------------------+--------------------------------------------+
; Flow Status                        ; Successful - Mon Jun 10 18:53:48 2019      ;
; Quartus II 64-Bit Version          ; 13.0.0 Build 156 04/24/2013 SJ Web Edition ;
; Revision Name                      ; NeanderProcessor                           ;
; Top-level Entity Name              ; ULA                                        ;
; Family                             ; Cyclone II                                 ;
; Device                             ; EP2C35F672C6                               ;
; Timing Models                      ; Final                                      ;
; Total logic elements               ; 38 / 33,216 ( < 1 % )                      ;
;     Total combinational functions  ; 38 / 33,216 ( < 1 % )                      ;
;     Dedicated logic registers      ; 0 / 33,216 ( 0 % )                         ;
; Total registers                    ; 0                                          ;
; Total pins                         ; 29 / 475 ( 6 % )                           ;
; Total virtual pins                 ; 0                                          ;
; Total memory bits                  ; 0 / 483,840 ( 0 % )                        ;
; Embedded Multiplier 9-bit elements ; 0 / 70 ( 0 % )                             ;
; Total PLLs                         ; 0 / 4 ( 0 % )                              ;
+------------------------------------+--------------------------------------------+


+-----------------------------------------+
; Flow Settings                           ;
+-------------------+---------------------+
; Option            ; Setting             ;
+-------------------+---------------------+
; Start date & time ; 06/10/2019 18:52:37 ;
; Main task         ; Compilation         ;
; Revision Name     ; NeanderProcessor    ;
+-------------------+---------------------+


+-------------------------------------------------------------------------------------------------------------------------------+
; Flow Non-Default Global Settings                                                                                              ;
+-------------------------------------+---------------------------------------+------------------+-------------+----------------+
; Assignment Name                     ; Value                                 ; Default Value    ; Entity Name ; Section Id     ;
+-------------------------------------+---------------------------------------+------------------+-------------+----------------+
; COMPILER_SIGNATURE_ID               ; 0.156020355724107                     ; --               ; --          ; --             ;
; EDA_GENERATE_FUNCTIONAL_NETLIST     ; On                                    ; --               ; --          ; eda_simulation ;
; EDA_OUTPUT_DATA_FORMAT              ; Verilog Hdl                           ; --               ; --          ; eda_simulation ;
; EDA_SIMULATION_TOOL                 ; ModelSim-Altera (Verilog)             ; <None>           ; --          ; --             ;
; MAX_CORE_JUNCTION_TEMP              ; 85                                    ; --               ; --          ; --             ;
; MIN_CORE_JUNCTION_TEMP              ; 0                                     ; --               ; --          ; --             ;
; PARTITION_COLOR                     ; 16764057                              ; --               ; ULA         ; Top            ;
; PARTITION_FITTER_PRESERVATION_LEVEL ; PLACEMENT_AND_ROUTING                 ; --               ; ULA         ; Top            ;
; PARTITION_NETLIST_TYPE              ; SOURCE                                ; --               ; ULA         ; Top            ;
; POWER_BOARD_THERMAL_MODEL           ; None (CONSERVATIVE)                   ; --               ; --          ; --             ;
; POWER_PRESET_COOLING_SOLUTION       ; 23 MM HEAT SINK WITH 200 LFPM AIRFLOW ; --               ; --          ; --             ;
; PROJECT_OUTPUT_DIRECTORY            ; output_files                          ; --               ; --          ; --             ;
; TOP_LEVEL_ENTITY                    ; ULA                                   ; NeanderProcessor ; --          ; --             ;
+-------------------------------------+---------------------------------------+------------------+-------------+----------------+


+-------------------------------------------------------------------------------------------------------------------------------+
; Flow Elapsed Time                                                                                                             ;
+---------------------------+--------------+-------------------------+---------------------+------------------------------------+
; Module Name               ; Elapsed Time ; Average Processors Used ; Peak Virtual Memory ; Total CPU Time (on all processors) ;
+---------------------------+--------------+-------------------------+---------------------+------------------------------------+
; Analysis & Synthesis      ; 00:00:05     ; 1.0                     ; 601 MB              ; 00:00:05                           ;
; Fitter                    ; 00:00:17     ; 1.0                     ; 717 MB              ; 00:00:12                           ;
; Assembler                 ; 00:00:04     ; 1.0                     ; 567 MB              ; 00:00:03                           ;
; TimeQuest Timing Analyzer ; 00:00:03     ; 1.0                     ; 500 MB              ; 00:00:03                           ;
; EDA Netlist Writer        ; 00:00:02     ; 1.0                     ; 788 MB              ; 00:00:01                           ;
; Total                     ; 00:00:31     ; --                      ; --                  ; 00:00:24                           ;
+---------------------------+--------------+-------------------------+---------------------+------------------------------------+


+---------------------------------------------------------------------------------------------+
; Flow OS Summary                                                                             ;
+---------------------------+------------------+----------------+------------+----------------+
; Module Name               ; Machine Hostname ; OS Name        ; OS Version ; Processor type ;
+---------------------------+------------------+----------------+------------+----------------+
; Analysis & Synthesis      ; funbem01         ; Ubuntu 16.04.6 ; 16         ; x86_64         ;
; Fitter                    ; funbem01         ; Ubuntu 16.04.6 ; 16         ; x86_64         ;
; Assembler                 ; funbem01         ; Ubuntu 16.04.6 ; 16         ; x86_64         ;
; TimeQuest Timing Analyzer ; funbem01         ; Ubuntu 16.04.6 ; 16         ; x86_64         ;
; EDA Netlist Writer        ; funbem01         ; Ubuntu 16.04.6 ; 16         ; x86_64         ;
+---------------------------+------------------+----------------+------------+----------------+


------------
; Flow Log ;
------------
quartus_map --read_settings_files=on --write_settings_files=off NeanderProcessor -c NeanderProcessor
quartus_fit --read_settings_files=off --write_settings_files=off NeanderProcessor -c NeanderProcessor
quartus_asm --read_settings_files=off --write_settings_files=off NeanderProcessor -c NeanderProcessor
quartus_sta NeanderProcessor -c NeanderProcessor
quartus_eda --read_settings_files=off --write_settings_files=off NeanderProcessor -c NeanderProcessor



